{
  "C:\\Users\\muham\\OneDrive\\Belgeler\\Kitaplik\\Kitaplik_App\\app\\(tabs)\\settings.tsx": {
    "path": "C:\\Users\\muham\\OneDrive\\Belgeler\\Kitaplik\\Kitaplik_App\\app\\(tabs)\\settings.tsx",
    "statementMap": {
      "0": {
        "start": { "line": 46, "column": 46 },
        "end": { "line": 46, "column": 56 }
      },
      "1": {
        "start": { "line": 47, "column": 48 },
        "end": { "line": 47, "column": 58 }
      },
      "2": {
        "start": { "line": 48, "column": 39 },
        "end": { "line": 48, "column": 52 }
      },
      "3": {
        "start": { "line": 49, "column": 16 },
        "end": { "line": 49, "column": 32 }
      },
      "4": {
        "start": { "line": 50, "column": 38 },
        "end": { "line": 50, "column": 56 }
      },
      "5": {
        "start": { "line": 51, "column": 44 },
        "end": { "line": 51, "column": 68 }
      },
      "6": {
        "start": { "line": 52, "column": 36 },
        "end": { "line": 52, "column": 60 }
      },
      "7": {
        "start": { "line": 54, "column": 25 },
        "end": { "line": 72, "column": 3 }
      },
      "8": {
        "start": { "line": 55, "column": 20 },
        "end": { "line": 55, "column": 41 }
      },
      "9": {
        "start": { "line": 56, "column": 17 },
        "end": { "line": 63, "column": 1 }
      },
      "10": {
        "start": { "line": 64, "column": 16 },
        "end": { "line": 64, "column": 75 }
      },
      "11": {
        "start": { "line": 66, "column": 20 },
        "end": { "line": 66, "column": 49 }
      },
      "12": {
        "start": { "line": 67, "column": 4 },
        "end": { "line": 71, "column": 5 }
      },
      "13": {
        "start": { "line": 68, "column": 6 },
        "end": { "line": 68, "column": 33 }
      },
      "14": {
        "start": { "line": 70, "column": 6 },
        "end": { "line": 70, "column": 78 }
      },
      "15": {
        "start": { "line": 74, "column": 26 },
        "end": { "line": 89, "column": 3 }
      },
      "16": {
        "start": { "line": 75, "column": 4 },
        "end": { "line": 88, "column": 6 }
      },
      "17": {
        "start": { "line": 84, "column": 12 },
        "end": { "line": 84, "column": 32 }
      },
      "18": {
        "start": { "line": 91, "column": 23 },
        "end": { "line": 133, "column": 3 }
      },
      "19": {
        "start": { "line": 92, "column": 4 },
        "end": { "line": 95, "column": 5 }
      },
      "20": {
        "start": { "line": 93, "column": 6 },
        "end": { "line": 93, "column": 79 }
      },
      "21": {
        "start": { "line": 94, "column": 6 },
        "end": { "line": 94, "column": 13 }
      },
      "22": {
        "start": { "line": 97, "column": 4 },
        "end": { "line": 132, "column": 6 }
      },
      "23": {
        "start": { "line": 108, "column": 12 },
        "end": { "line": 115, "column": 17 }
      },
      "24": {
        "start": { "line": 109, "column": 14 },
        "end": { "line": 109, "column": 33 }
      },
      "25": {
        "start": { "line": 110, "column": 14 },
        "end": { "line": 114, "column": 15 }
      },
      "26": {
        "start": { "line": 111, "column": 16 },
        "end": { "line": 111, "column": 56 }
      },
      "27": {
        "start": { "line": 113, "column": 16 },
        "end": { "line": 113, "column": 36 }
      },
      "28": {
        "start": { "line": 121, "column": 12 },
        "end": { "line": 128, "column": 17 }
      },
      "29": {
        "start": { "line": 122, "column": 14 },
        "end": { "line": 122, "column": 33 }
      },
      "30": {
        "start": { "line": 123, "column": 14 },
        "end": { "line": 127, "column": 15 }
      },
      "31": {
        "start": { "line": 124, "column": 16 },
        "end": { "line": 124, "column": 55 }
      },
      "32": {
        "start": { "line": 126, "column": 16 },
        "end": { "line": 126, "column": 36 }
      },
      "33": {
        "start": { "line": 135, "column": 25 },
        "end": { "line": 166, "column": 3 }
      },
      "34": {
        "start": { "line": 136, "column": 4 },
        "end": { "line": 136, "column": 23 }
      },
      "35": {
        "start": { "line": 137, "column": 4 },
        "end": { "line": 165, "column": 5 }
      },
      "36": {
        "start": { "line": 138, "column": 28 },
        "end": { "line": 138, "column": 63 }
      },
      "37": {
        "start": { "line": 139, "column": 6 },
        "end": { "line": 159, "column": 7 }
      },
      "38": {
        "start": { "line": 140, "column": 8 },
        "end": { "line": 158, "column": 10 }
      },
      "39": {
        "start": { "line": 148, "column": 16 },
        "end": { "line": 154, "column": 21 }
      },
      "40": {
        "start": { "line": 149, "column": 18 },
        "end": { "line": 149, "column": 52 }
      },
      "41": {
        "start": { "line": 150, "column": 18 },
        "end": { "line": 153, "column": 20 }
      },
      "42": {
        "start": { "line": 161, "column": 6 },
        "end": { "line": 161, "column": 55 }
      },
      "43": {
        "start": { "line": 162, "column": 6 },
        "end": { "line": 162, "column": 80 }
      },
      "44": {
        "start": { "line": 164, "column": 6 },
        "end": { "line": 164, "column": 26 }
      },
      "45": {
        "start": { "line": 168, "column": 24 },
        "end": { "line": 188, "column": 3 }
      },
      "46": {
        "start": { "line": 169, "column": 4 },
        "end": { "line": 187, "column": 6 }
      },
      "47": {
        "start": { "line": 177, "column": 12 },
        "end": { "line": 177, "column": 34 }
      },
      "48": {
        "start": { "line": 183, "column": 12 },
        "end": { "line": 183, "column": 34 }
      },
      "49": {
        "start": { "line": 190, "column": 2 },
        "end": { "line": 823, "column": 4 }
      },
      "50": {
        "start": { "line": 264, "column": 29 },
        "end": { "line": 264, "column": 76 }
      },
      "51": {
        "start": { "line": 314, "column": 16 },
        "end": { "line": 314, "column": 60 }
      },
      "52": {
        "start": { "line": 343, "column": 16 },
        "end": { "line": 343, "column": 57 }
      },
      "53": {
        "start": { "line": 372, "column": 16 },
        "end": { "line": 372, "column": 60 }
      },
      "54": {
        "start": { "line": 401, "column": 16 },
        "end": { "line": 401, "column": 59 }
      },
      "55": {
        "start": { "line": 430, "column": 16 },
        "end": { "line": 430, "column": 59 }
      },
      "56": {
        "start": { "line": 459, "column": 16 },
        "end": { "line": 459, "column": 65 }
      },
      "57": {
        "start": { "line": 489, "column": 40 },
        "end": { "line": 489, "column": 78 }
      },
      "58": {
        "start": { "line": 517, "column": 16 },
        "end": { "line": 517, "column": 64 }
      },
      "59": {
        "start": { "line": 683, "column": 29 },
        "end": { "line": 683, "column": 50 }
      },
      "60": {
        "start": { "line": 709, "column": 16 },
        "end": { "line": 709, "column": 76 }
      },
      "61": {
        "start": { "line": 745, "column": 30 },
        "end": { "line": 745, "column": 52 }
      },
      "62": {
        "start": { "line": 760, "column": 31 },
        "end": { "line": 760, "column": 53 }
      }
    },
    "fnMap": {
      "0": {
        "name": "SettingsScreen",
        "decl": {
          "start": { "line": 45, "column": 24 },
          "end": { "line": 45, "column": 38 }
        },
        "loc": {
          "start": { "line": 45, "column": 41 },
          "end": { "line": 824, "column": 1 }
        },
        "line": 45
      },
      "1": {
        "name": "(anonymous_1)",
        "decl": {
          "start": { "line": 54, "column": 25 },
          "end": { "line": 54, "column": 26 }
        },
        "loc": {
          "start": { "line": 54, "column": 37 },
          "end": { "line": 72, "column": 3 }
        },
        "line": 54
      },
      "2": {
        "name": "(anonymous_2)",
        "decl": {
          "start": { "line": 74, "column": 26 },
          "end": { "line": 74, "column": 27 }
        },
        "loc": {
          "start": { "line": 74, "column": 32 },
          "end": { "line": 89, "column": 3 }
        },
        "line": 74
      },
      "3": {
        "name": "(anonymous_3)",
        "decl": {
          "start": { "line": 83, "column": 19 },
          "end": { "line": 83, "column": 20 }
        },
        "loc": {
          "start": { "line": 83, "column": 25 },
          "end": { "line": 85, "column": 11 }
        },
        "line": 83
      },
      "4": {
        "name": "(anonymous_4)",
        "decl": {
          "start": { "line": 91, "column": 23 },
          "end": { "line": 91, "column": 24 }
        },
        "loc": {
          "start": { "line": 91, "column": 35 },
          "end": { "line": 133, "column": 3 }
        },
        "line": 91
      },
      "5": {
        "name": "(anonymous_5)",
        "decl": {
          "start": { "line": 107, "column": 19 },
          "end": { "line": 107, "column": 20 }
        },
        "loc": {
          "start": { "line": 107, "column": 25 },
          "end": { "line": 116, "column": 11 }
        },
        "line": 107
      },
      "6": {
        "name": "(anonymous_6)",
        "decl": {
          "start": { "line": 108, "column": 18 },
          "end": { "line": 108, "column": 19 }
        },
        "loc": {
          "start": { "line": 108, "column": 30 },
          "end": { "line": 115, "column": 13 }
        },
        "line": 108
      },
      "7": {
        "name": "(anonymous_7)",
        "decl": {
          "start": { "line": 120, "column": 19 },
          "end": { "line": 120, "column": 20 }
        },
        "loc": {
          "start": { "line": 120, "column": 25 },
          "end": { "line": 129, "column": 11 }
        },
        "line": 120
      },
      "8": {
        "name": "(anonymous_8)",
        "decl": {
          "start": { "line": 121, "column": 18 },
          "end": { "line": 121, "column": 19 }
        },
        "loc": {
          "start": { "line": 121, "column": 30 },
          "end": { "line": 128, "column": 13 }
        },
        "line": 121
      },
      "9": {
        "name": "(anonymous_9)",
        "decl": {
          "start": { "line": 135, "column": 25 },
          "end": { "line": 135, "column": 26 }
        },
        "loc": {
          "start": { "line": 135, "column": 37 },
          "end": { "line": 166, "column": 3 }
        },
        "line": 135
      },
      "10": {
        "name": "(anonymous_10)",
        "decl": {
          "start": { "line": 147, "column": 23 },
          "end": { "line": 147, "column": 24 }
        },
        "loc": {
          "start": { "line": 147, "column": 29 },
          "end": { "line": 155, "column": 15 }
        },
        "line": 147
      },
      "11": {
        "name": "(anonymous_11)",
        "decl": {
          "start": { "line": 148, "column": 22 },
          "end": { "line": 148, "column": 23 }
        },
        "loc": {
          "start": { "line": 148, "column": 34 },
          "end": { "line": 154, "column": 17 }
        },
        "line": 148
      },
      "12": {
        "name": "(anonymous_12)",
        "decl": {
          "start": { "line": 168, "column": 24 },
          "end": { "line": 168, "column": 25 }
        },
        "loc": {
          "start": { "line": 168, "column": 30 },
          "end": { "line": 188, "column": 3 }
        },
        "line": 168
      },
      "13": {
        "name": "(anonymous_13)",
        "decl": {
          "start": { "line": 176, "column": 19 },
          "end": { "line": 176, "column": 20 }
        },
        "loc": {
          "start": { "line": 176, "column": 25 },
          "end": { "line": 178, "column": 11 }
        },
        "line": 176
      },
      "14": {
        "name": "(anonymous_14)",
        "decl": {
          "start": { "line": 182, "column": 19 },
          "end": { "line": 182, "column": 20 }
        },
        "loc": {
          "start": { "line": 182, "column": 25 },
          "end": { "line": 184, "column": 11 }
        },
        "line": 182
      },
      "15": {
        "name": "(anonymous_15)",
        "decl": {
          "start": { "line": 264, "column": 23 },
          "end": { "line": 264, "column": 24 }
        },
        "loc": {
          "start": { "line": 264, "column": 29 },
          "end": { "line": 264, "column": 76 }
        },
        "line": 264
      },
      "16": {
        "name": "(anonymous_16)",
        "decl": {
          "start": { "line": 313, "column": 29 },
          "end": { "line": 313, "column": 30 }
        },
        "loc": {
          "start": { "line": 314, "column": 16 },
          "end": { "line": 314, "column": 60 }
        },
        "line": 314
      },
      "17": {
        "name": "(anonymous_17)",
        "decl": {
          "start": { "line": 342, "column": 29 },
          "end": { "line": 342, "column": 30 }
        },
        "loc": {
          "start": { "line": 343, "column": 16 },
          "end": { "line": 343, "column": 57 }
        },
        "line": 343
      },
      "18": {
        "name": "(anonymous_18)",
        "decl": {
          "start": { "line": 371, "column": 29 },
          "end": { "line": 371, "column": 30 }
        },
        "loc": {
          "start": { "line": 372, "column": 16 },
          "end": { "line": 372, "column": 60 }
        },
        "line": 372
      },
      "19": {
        "name": "(anonymous_19)",
        "decl": {
          "start": { "line": 400, "column": 29 },
          "end": { "line": 400, "column": 30 }
        },
        "loc": {
          "start": { "line": 401, "column": 16 },
          "end": { "line": 401, "column": 59 }
        },
        "line": 401
      },
      "20": {
        "name": "(anonymous_20)",
        "decl": {
          "start": { "line": 429, "column": 29 },
          "end": { "line": 429, "column": 30 }
        },
        "loc": {
          "start": { "line": 430, "column": 16 },
          "end": { "line": 430, "column": 59 }
        },
        "line": 430
      },
      "21": {
        "name": "(anonymous_21)",
        "decl": {
          "start": { "line": 458, "column": 29 },
          "end": { "line": 458, "column": 30 }
        },
        "loc": {
          "start": { "line": 459, "column": 16 },
          "end": { "line": 459, "column": 65 }
        },
        "line": 459
      },
      "22": {
        "name": "(anonymous_22)",
        "decl": {
          "start": { "line": 489, "column": 29 },
          "end": { "line": 489, "column": 30 }
        },
        "loc": {
          "start": { "line": 489, "column": 40 },
          "end": { "line": 489, "column": 78 }
        },
        "line": 489
      },
      "23": {
        "name": "(anonymous_23)",
        "decl": {
          "start": { "line": 516, "column": 29 },
          "end": { "line": 516, "column": 30 }
        },
        "loc": {
          "start": { "line": 517, "column": 16 },
          "end": { "line": 517, "column": 64 }
        },
        "line": 517
      },
      "24": {
        "name": "(anonymous_24)",
        "decl": {
          "start": { "line": 683, "column": 23 },
          "end": { "line": 683, "column": 24 }
        },
        "loc": {
          "start": { "line": 683, "column": 29 },
          "end": { "line": 683, "column": 50 }
        },
        "line": 683
      },
      "25": {
        "name": "(anonymous_25)",
        "decl": {
          "start": { "line": 708, "column": 23 },
          "end": { "line": 708, "column": 24 }
        },
        "loc": {
          "start": { "line": 708, "column": 29 },
          "end": { "line": 710, "column": 15 }
        },
        "line": 708
      },
      "26": {
        "name": "(anonymous_26)",
        "decl": {
          "start": { "line": 745, "column": 24 },
          "end": { "line": 745, "column": 25 }
        },
        "loc": {
          "start": { "line": 745, "column": 30 },
          "end": { "line": 745, "column": 52 }
        },
        "line": 745
      },
      "27": {
        "name": "(anonymous_27)",
        "decl": {
          "start": { "line": 760, "column": 25 },
          "end": { "line": 760, "column": 26 }
        },
        "loc": {
          "start": { "line": 760, "column": 31 },
          "end": { "line": 760, "column": 53 }
        },
        "line": 760
      }
    },
    "branchMap": {
      "0": {
        "loc": {
          "start": { "line": 67, "column": 4 },
          "end": { "line": 71, "column": 5 }
        },
        "type": "if",
        "locations": [
          {
            "start": { "line": 67, "column": 4 },
            "end": { "line": 71, "column": 5 }
          },
          {
            "start": { "line": 69, "column": 11 },
            "end": { "line": 71, "column": 5 }
          }
        ],
        "line": 67
      },
      "1": {
        "loc": {
          "start": { "line": 92, "column": 4 },
          "end": { "line": 95, "column": 5 }
        },
        "type": "if",
        "locations": [
          {
            "start": { "line": 92, "column": 4 },
            "end": { "line": 95, "column": 5 }
          },
          { "start": {}, "end": {} }
        ],
        "line": 92
      },
      "2": {
        "loc": {
          "start": { "line": 139, "column": 6 },
          "end": { "line": 159, "column": 7 }
        },
        "type": "if",
        "locations": [
          {
            "start": { "line": 139, "column": 6 },
            "end": { "line": 159, "column": 7 }
          },
          { "start": {}, "end": {} }
        ],
        "line": 139
      },
      "3": {
        "loc": {
          "start": { "line": 236, "column": 17 },
          "end": { "line": 240, "column": 17 }
        },
        "type": "cond-expr",
        "locations": [
          {
            "start": { "line": 237, "column": 18 },
            "end": { "line": 237, "column": 52 }
          },
          {
            "start": { "line": 239, "column": 18 },
            "end": { "line": 239, "column": 51 }
          }
        ],
        "line": 236
      },
      "4": {
        "loc": {
          "start": { "line": 252, "column": 28 },
          "end": { "line": 252, "column": 62 }
        },
        "type": "cond-expr",
        "locations": [
          {
            "start": { "line": 252, "column": 41 },
            "end": { "line": 252, "column": 50 }
          },
          {
            "start": { "line": 252, "column": 53 },
            "end": { "line": 252, "column": 62 }
          }
        ],
        "line": 252
      },
      "5": {
        "loc": {
          "start": { "line": 264, "column": 44 },
          "end": { "line": 264, "column": 75 }
        },
        "type": "cond-expr",
        "locations": [
          {
            "start": { "line": 264, "column": 64 },
            "end": { "line": 264, "column": 68 }
          },
          {
            "start": { "line": 264, "column": 71 },
            "end": { "line": 264, "column": 75 }
          }
        ],
        "line": 264
      },
      "6": {
        "loc": {
          "start": { "line": 285, "column": 17 },
          "end": { "line": 285, "column": 67 }
        },
        "type": "cond-expr",
        "locations": [
          {
            "start": { "line": 285, "column": 37 },
            "end": { "line": 285, "column": 50 }
          },
          {
            "start": { "line": 285, "column": 53 },
            "end": { "line": 285, "column": 67 }
          }
        ],
        "line": 285
      },
      "7": {
        "loc": {
          "start": { "line": 317, "column": 26 },
          "end": { "line": 317, "column": 79 }
        },
        "type": "cond-expr",
        "locations": [
          {
            "start": { "line": 317, "column": 58 },
            "end": { "line": 317, "column": 67 }
          },
          {
            "start": { "line": 317, "column": 70 },
            "end": { "line": 317, "column": 79 }
          }
        ],
        "line": 317
      },
      "8": {
        "loc": {
          "start": { "line": 346, "column": 26 },
          "end": { "line": 346, "column": 76 }
        },
        "type": "cond-expr",
        "locations": [
          {
            "start": { "line": 346, "column": 55 },
            "end": { "line": 346, "column": 64 }
          },
          {
            "start": { "line": 346, "column": 67 },
            "end": { "line": 346, "column": 76 }
          }
        ],
        "line": 346
      },
      "9": {
        "loc": {
          "start": { "line": 375, "column": 26 },
          "end": { "line": 375, "column": 79 }
        },
        "type": "cond-expr",
        "locations": [
          {
            "start": { "line": 375, "column": 58 },
            "end": { "line": 375, "column": 67 }
          },
          {
            "start": { "line": 375, "column": 70 },
            "end": { "line": 375, "column": 79 }
          }
        ],
        "line": 375
      },
      "10": {
        "loc": {
          "start": { "line": 404, "column": 26 },
          "end": { "line": 404, "column": 78 }
        },
        "type": "cond-expr",
        "locations": [
          {
            "start": { "line": 404, "column": 57 },
            "end": { "line": 404, "column": 66 }
          },
          {
            "start": { "line": 404, "column": 69 },
            "end": { "line": 404, "column": 78 }
          }
        ],
        "line": 404
      },
      "11": {
        "loc": {
          "start": { "line": 433, "column": 26 },
          "end": { "line": 433, "column": 78 }
        },
        "type": "cond-expr",
        "locations": [
          {
            "start": { "line": 433, "column": 57 },
            "end": { "line": 433, "column": 66 }
          },
          {
            "start": { "line": 433, "column": 69 },
            "end": { "line": 433, "column": 78 }
          }
        ],
        "line": 433
      },
      "12": {
        "loc": {
          "start": { "line": 463, "column": 16 },
          "end": { "line": 463, "column": 74 }
        },
        "type": "cond-expr",
        "locations": [
          {
            "start": { "line": 463, "column": 53 },
            "end": { "line": 463, "column": 62 }
          },
          {
            "start": { "line": 463, "column": 65 },
            "end": { "line": 463, "column": 74 }
          }
        ],
        "line": 463
      },
      "13": {
        "loc": {
          "start": { "line": 491, "column": 26 },
          "end": { "line": 491, "column": 73 }
        },
        "type": "cond-expr",
        "locations": [
          {
            "start": { "line": 491, "column": 52 },
            "end": { "line": 491, "column": 61 }
          },
          {
            "start": { "line": 491, "column": 64 },
            "end": { "line": 491, "column": 73 }
          }
        ],
        "line": 491
      },
      "14": {
        "loc": {
          "start": { "line": 521, "column": 16 },
          "end": { "line": 521, "column": 73 }
        },
        "type": "cond-expr",
        "locations": [
          {
            "start": { "line": 521, "column": 52 },
            "end": { "line": 521, "column": 61 }
          },
          {
            "start": { "line": 521, "column": 64 },
            "end": { "line": 521, "column": 73 }
          }
        ],
        "line": 521
      },
      "15": {
        "loc": {
          "start": { "line": 731, "column": 7 },
          "end": { "line": 738, "column": 7 }
        },
        "type": "binary-expr",
        "locations": [
          {
            "start": { "line": 731, "column": 7 },
            "end": { "line": 731, "column": 16 }
          },
          {
            "start": { "line": 732, "column": 8 },
            "end": { "line": 737, "column": 15 }
          }
        ],
        "line": 731
      }
    },
    "s": {
      "0": 3,
      "1": 3,
      "2": 3,
      "3": 3,
      "4": 3,
      "5": 3,
      "6": 3,
      "7": 3,
      "8": 1,
      "9": 1,
      "10": 1,
      "11": 1,
      "12": 1,
      "13": 1,
      "14": 0,
      "15": 3,
      "16": 0,
      "17": 0,
      "18": 3,
      "19": 0,
      "20": 0,
      "21": 0,
      "22": 0,
      "23": 0,
      "24": 0,
      "25": 0,
      "26": 0,
      "27": 0,
      "28": 0,
      "29": 0,
      "30": 0,
      "31": 0,
      "32": 0,
      "33": 3,
      "34": 0,
      "35": 0,
      "36": 0,
      "37": 0,
      "38": 0,
      "39": 0,
      "40": 0,
      "41": 0,
      "42": 0,
      "43": 0,
      "44": 0,
      "45": 3,
      "46": 0,
      "47": 0,
      "48": 0,
      "49": 3,
      "50": 0,
      "51": 0,
      "52": 0,
      "53": 0,
      "54": 0,
      "55": 0,
      "56": 0,
      "57": 0,
      "58": 0,
      "59": 0,
      "60": 0,
      "61": 0,
      "62": 0
    },
    "f": {
      "0": 3,
      "1": 1,
      "2": 0,
      "3": 0,
      "4": 0,
      "5": 0,
      "6": 0,
      "7": 0,
      "8": 0,
      "9": 0,
      "10": 0,
      "11": 0,
      "12": 0,
      "13": 0,
      "14": 0,
      "15": 0,
      "16": 0,
      "17": 0,
      "18": 0,
      "19": 0,
      "20": 0,
      "21": 0,
      "22": 0,
      "23": 0,
      "24": 0,
      "25": 0,
      "26": 0,
      "27": 0
    },
    "b": {
      "0": [1, 0],
      "1": [0, 0],
      "2": [0, 0],
      "3": [0, 3],
      "4": [0, 3],
      "5": [0, 0],
      "6": [3, 0],
      "7": [0, 3],
      "8": [0, 3],
      "9": [0, 3],
      "10": [0, 3],
      "11": [0, 3],
      "12": [0, 3],
      "13": [0, 3],
      "14": [0, 3],
      "15": [3, 0]
    },
    "_coverageSchema": "1a1c01bbd47fc00a2c39e90264f33305004495a9",
    "hash": "081deef7c8959dbf3076d4a8f9c1facfceee8afd"
  },
  "C:\\Users\\muham\\OneDrive\\Belgeler\\Kitaplik\\Kitaplik_App\\components\\BookCard.tsx": {
    "path": "C:\\Users\\muham\\OneDrive\\Belgeler\\Kitaplik\\Kitaplik_App\\components\\BookCard.tsx",
    "statementMap": {
      "0": {
        "start": { "line": 31, "column": 21 },
        "end": { "line": 118, "column": 1 }
      },
      "1": {
        "start": { "line": 44, "column": 15 },
        "end": { "line": 47, "column": 5 }
      },
      "2": {
        "start": { "line": 48, "column": 11 },
        "end": { "line": 54, "column": 5 }
      },
      "3": {
        "start": { "line": 60, "column": 6 },
        "end": { "line": 65, "column": 8 }
      },
      "4": {
        "start": { "line": 68, "column": 15 },
        "end": { "line": 68, "column": 47 }
      },
      "5": {
        "start": { "line": 70, "column": 8 },
        "end": { "line": 70, "column": 79 }
      },
      "6": {
        "start": { "line": 66, "column": 6 },
        "end": { "line": 71, "column": 13 }
      },
      "7": {
        "start": { "line": 59, "column": 4 },
        "end": { "line": 72, "column": 11 }
      },
      "8": {
        "start": { "line": 76, "column": 19 },
        "end": { "line": 79, "column": 9 }
      },
      "9": {
        "start": { "line": 75, "column": 6 },
        "end": { "line": 83, "column": 13 }
      },
      "10": {
        "start": { "line": 84, "column": 6 },
        "end": { "line": 86, "column": 13 }
      },
      "11": {
        "start": { "line": 88, "column": 7 },
        "end": { "line": 115, "column": 7 }
      },
      "12": {
        "start": { "line": 74, "column": 4 },
        "end": { "line": 116, "column": 11 }
      },
      "13": {
        "start": { "line": 42, "column": 2 },
        "end": { "line": 117, "column": 14 }
      },
      "14": {
        "start": { "line": 121, "column": 21 },
        "end": { "line": 228, "column": 1 }
      },
      "15": {
        "start": { "line": 139, "column": 17 },
        "end": { "line": 144, "column": 7 }
      },
      "16": {
        "start": { "line": 145, "column": 13 },
        "end": { "line": 151, "column": 7 }
      },
      "17": {
        "start": { "line": 157, "column": 6 },
        "end": { "line": 164, "column": 13 }
      },
      "18": {
        "start": { "line": 170, "column": 23 },
        "end": { "line": 173, "column": 13 }
      },
      "19": {
        "start": { "line": 169, "column": 10 },
        "end": { "line": 177, "column": 17 }
      },
      "20": {
        "start": { "line": 178, "column": 10 },
        "end": { "line": 183, "column": 17 }
      },
      "21": {
        "start": { "line": 168, "column": 8 },
        "end": { "line": 184, "column": 15 }
      },
      "22": {
        "start": { "line": 187, "column": 9 },
        "end": { "line": 224, "column": 9 }
      },
      "23": {
        "start": { "line": 167, "column": 6 },
        "end": { "line": 225, "column": 13 }
      },
      "24": {
        "start": { "line": 137, "column": 4 },
        "end": { "line": 226, "column": 16 }
      },
      "25": {
        "start": { "line": 231, "column": 24 },
        "end": { "line": 301, "column": 2 }
      },
      "26": {
        "start": { "line": 241, "column": 40 },
        "end": { "line": 244, "column": 3 }
      },
      "27": {
        "start": { "line": 255, "column": 25 },
        "end": { "line": 266, "column": 3 }
      },
      "28": {
        "start": { "line": 269, "column": 25 },
        "end": { "line": 280, "column": 3 }
      },
      "29": {
        "start": { "line": 290, "column": 17 },
        "end": { "line": 290, "column": 33 }
      },
      "30": {
        "start": { "line": 291, "column": 17 },
        "end": { "line": 291, "column": 33 }
      },
      "31": {
        "start": { "line": 292, "column": 20 },
        "end": { "line": 292, "column": 41 }
      },
      "32": {
        "start": { "line": 283, "column": 43 },
        "end": { "line": 293, "column": 3 }
      },
      "33": {
        "start": { "line": 296, "column": 9 },
        "end": { "line": 300, "column": 3 }
      }
    },
    "fnMap": {
      "0": {
        "name": "(anonymous_0)",
        "decl": {
          "start": { "line": 31, "column": 21 },
          "end": { "line": 31, "column": 22 }
        },
        "loc": { "start": {}, "end": {} }
      },
      "1": {
        "name": "(anonymous_1)",
        "decl": {
          "start": { "line": 121, "column": 21 },
          "end": { "line": 121, "column": 22 }
        },
        "loc": { "start": {}, "end": {} }
      },
      "2": {
        "name": "BookCard",
        "decl": {
          "start": { "line": 231, "column": 35 },
          "end": { "line": 231, "column": 36 }
        },
        "loc": { "start": {}, "end": {} }
      }
    },
    "branchMap": {
      "0": {
        "loc": {
          "start": { "line": 46, "column": 6 },
          "end": { "line": 46, "column": 46 }
        },
        "type": "cond-expr",
        "locations": [
          {
            "start": { "line": 46, "column": 19 },
            "end": { "line": 46, "column": 33 }
          },
          {
            "start": { "line": 46, "column": 36 },
            "end": { "line": 46, "column": 46 }
          }
        ],
        "line": 46
      },
      "1": {
        "loc": {
          "start": { "line": 61, "column": 16 },
          "end": { "line": 61, "column": 66 }
        },
        "type": "binary-expr",
        "locations": [
          { "start": {}, "end": {} },
          {
            "start": { "line": 61, "column": 33 },
            "end": { "line": 61, "column": 66 }
          }
        ],
        "line": 61
      },
      "2": {
        "loc": {
          "start": { "line": 78, "column": 10 },
          "end": { "line": 78, "column": 54 }
        },
        "type": "cond-expr",
        "locations": [
          {
            "start": { "line": 78, "column": 23 },
            "end": { "line": 78, "column": 35 }
          },
          {
            "start": { "line": 78, "column": 38 },
            "end": { "line": 78, "column": 54 }
          }
        ],
        "line": 78
      },
      "3": {
        "loc": {
          "start": { "line": 88, "column": 7 },
          "end": { "line": 115, "column": 7 }
        },
        "type": "binary-expr",
        "locations": [
          {
            "start": { "line": 88, "column": 7 },
            "end": { "line": 88, "column": 19 }
          },
          {
            "start": { "line": 89, "column": 8 },
            "end": { "line": 114, "column": 15 }
          }
        ],
        "line": 88
      },
      "4": {
        "loc": {
          "start": { "line": 93, "column": 14 },
          "end": { "line": 93, "column": 56 }
        },
        "type": "cond-expr",
        "locations": [
          {
            "start": { "line": 93, "column": 27 },
            "end": { "line": 93, "column": 40 }
          },
          {
            "start": { "line": 93, "column": 43 },
            "end": { "line": 93, "column": 56 }
          }
        ],
        "line": 93
      },
      "5": {
        "loc": {
          "start": { "line": 108, "column": 13 },
          "end": { "line": 112, "column": 13 }
        },
        "type": "binary-expr",
        "locations": [
          {
            "start": { "line": 108, "column": 13 },
            "end": { "line": 108, "column": 22 }
          },
          {
            "start": { "line": 109, "column": 14 },
            "end": { "line": 111, "column": 21 }
          }
        ],
        "line": 108
      },
      "6": {
        "loc": {
          "start": { "line": 134, "column": 23 },
          "end": { "line": 134, "column": 79 }
        },
        "type": "cond-expr",
        "locations": [
          {
            "start": { "line": 134, "column": 35 },
            "end": { "line": 134, "column": 74 }
          },
          {
            "start": { "line": 134, "column": 77 },
            "end": { "line": 134, "column": 79 }
          }
        ],
        "line": 134
      },
      "7": {
        "loc": {
          "start": { "line": 141, "column": 8 },
          "end": { "line": 143, "column": 41 }
        },
        "type": "cond-expr",
        "locations": [
          {
            "start": { "line": 142, "column": 12 },
            "end": { "line": 142, "column": 47 }
          },
          {
            "start": { "line": 143, "column": 12 },
            "end": { "line": 143, "column": 41 }
          }
        ],
        "line": 141
      },
      "8": {
        "loc": {
          "start": { "line": 159, "column": 18 },
          "end": { "line": 159, "column": 72 }
        },
        "type": "binary-expr",
        "locations": [
          { "start": {}, "end": {} },
          {
            "start": { "line": 159, "column": 35 },
            "end": { "line": 159, "column": 72 }
          }
        ],
        "line": 159
      },
      "9": {
        "loc": {
          "start": { "line": 172, "column": 14 },
          "end": { "line": 172, "column": 58 }
        },
        "type": "cond-expr",
        "locations": [
          {
            "start": { "line": 172, "column": 27 },
            "end": { "line": 172, "column": 39 }
          },
          {
            "start": { "line": 172, "column": 42 },
            "end": { "line": 172, "column": 58 }
          }
        ],
        "line": 172
      },
      "10": {
        "loc": {
          "start": { "line": 187, "column": 9 },
          "end": { "line": 224, "column": 9 }
        },
        "type": "binary-expr",
        "locations": [
          {
            "start": { "line": 187, "column": 9 },
            "end": { "line": 187, "column": 21 }
          },
          {
            "start": { "line": 188, "column": 10 },
            "end": { "line": 223, "column": 17 }
          }
        ],
        "line": 187
      },
      "11": {
        "loc": {
          "start": { "line": 192, "column": 16 },
          "end": { "line": 192, "column": 58 }
        },
        "type": "cond-expr",
        "locations": [
          {
            "start": { "line": 192, "column": 29 },
            "end": { "line": 192, "column": 42 }
          },
          {
            "start": { "line": 192, "column": 45 },
            "end": { "line": 192, "column": 58 }
          }
        ],
        "line": 192
      },
      "12": {
        "loc": {
          "start": { "line": 210, "column": 20 },
          "end": { "line": 210, "column": 68 }
        },
        "type": "cond-expr",
        "locations": [
          {
            "start": { "line": 210, "column": 33 },
            "end": { "line": 210, "column": 49 }
          },
          {
            "start": { "line": 210, "column": 52 },
            "end": { "line": 210, "column": 68 }
          }
        ],
        "line": 210
      },
      "13": {
        "loc": {
          "start": { "line": 217, "column": 15 },
          "end": { "line": 221, "column": 15 }
        },
        "type": "binary-expr",
        "locations": [
          {
            "start": { "line": 217, "column": 15 },
            "end": { "line": 217, "column": 24 }
          },
          {
            "start": { "line": 218, "column": 16 },
            "end": { "line": 220, "column": 23 }
          }
        ],
        "line": 217
      },
      "14": {
        "loc": {
          "start": { "line": 233, "column": 2 },
          "end": { "line": 233, "column": 18 }
        },
        "type": "cond-expr",
        "locations": [
          {
            "start": { "line": 233, "column": 12 },
            "end": { "line": 233, "column": 18 }
          },
          {
            "start": { "line": 233, "column": 2 },
            "end": { "line": 233, "column": 18 }
          }
        ],
        "line": 233
      },
      "15": {
        "loc": {
          "start": { "line": 236, "column": 2 },
          "end": { "line": 236, "column": 21 }
        },
        "type": "cond-expr",
        "locations": [
          { "start": {}, "end": {} },
          {
            "start": { "line": 236, "column": 2 },
            "end": { "line": 236, "column": 21 }
          }
        ],
        "line": 236
      },
      "16": {
        "loc": {
          "start": { "line": 248, "column": 4 },
          "end": { "line": 250, "column": 26 }
        },
        "type": "cond-expr",
        "locations": [
          {
            "start": { "line": 249, "column": 8 },
            "end": { "line": 249, "column": 67 }
          },
          {
            "start": { "line": 250, "column": 8 },
            "end": { "line": 250, "column": 26 }
          }
        ],
        "line": 248
      },
      "17": {
        "loc": {
          "start": { "line": 248, "column": 4 },
          "end": { "line": 248, "column": 38 }
        },
        "type": "binary-expr",
        "locations": [
          { "start": {}, "end": {} },
          { "start": {}, "end": {} }
        ],
        "line": 248
      },
      "18": {
        "loc": {
          "start": { "line": 250, "column": 8 },
          "end": { "line": 250, "column": 26 }
        },
        "type": "binary-expr",
        "locations": [
          { "start": {}, "end": {} },
          { "start": {}, "end": {} }
        ],
        "line": 250
      },
      "19": {
        "loc": {
          "start": { "line": 296, "column": 9 },
          "end": { "line": 300, "column": 3 }
        },
        "type": "cond-expr",
        "locations": [
          {
            "start": { "line": 297, "column": 4 },
            "end": { "line": 297, "column": 37 }
          },
          {
            "start": { "line": 299, "column": 4 },
            "end": { "line": 299, "column": 37 }
          }
        ],
        "line": 296
      }
    },
    "s": {
      "0": 1,
      "1": 0,
      "2": 0,
      "3": 0,
      "4": 0,
      "5": 0,
      "6": 0,
      "7": 0,
      "8": 0,
      "9": 0,
      "10": 0,
      "11": 0,
      "12": 0,
      "13": 0,
      "14": 1,
      "15": 5,
      "16": 5,
      "17": 5,
      "18": 5,
      "19": 5,
      "20": 5,
      "21": 5,
      "22": 5,
      "23": 5,
      "24": 5,
      "25": 1,
      "26": 5,
      "27": 5,
      "28": 5,
      "29": 5,
      "30": 5,
      "31": 5,
      "32": 5,
      "33": 5
    },
    "f": { "0": 0, "1": 5, "2": 5 },
    "b": {
      "0": [0, 0],
      "1": [0, 0],
      "2": [0, 0],
      "3": [0, 0],
      "4": [0, 0],
      "5": [0, 0],
      "6": [5, 0],
      "7": [0, 5],
      "8": [5, 0],
      "9": [0, 5],
      "10": [5, 5],
      "11": [0, 5],
      "12": [0, 5],
      "13": [5, 5],
      "14": [5, 0],
      "15": [5, 0],
      "16": [5, 0],
      "17": [5, 5],
      "18": [0, 0],
      "19": [0, 5]
    },
    "_coverageSchema": "1a1c01bbd47fc00a2c39e90264f33305004495a9",
    "hash": "dccaa77211847f4a6ffd2df0d514bf0f27b4936a"
  },
  "C:\\Users\\muham\\OneDrive\\Belgeler\\Kitaplik\\Kitaplik_App\\components\\CollapsibleSection.tsx": {
    "path": "C:\\Users\\muham\\OneDrive\\Belgeler\\Kitaplik\\Kitaplik_App\\components\\CollapsibleSection.tsx",
    "statementMap": {
      "0": {
        "start": { "line": 16, "column": 0 },
        "end": { "line": 25, "column": 1 }
      },
      "1": {
        "start": { "line": 22, "column": 2 },
        "end": { "line": 24, "column": 3 }
      },
      "2": {
        "start": { "line": 23, "column": 4 },
        "end": { "line": 23, "column": 58 }
      },
      "3": {
        "start": { "line": 38, "column": 34 },
        "end": { "line": 104, "column": 2 }
      },
      "4": {
        "start": { "line": 49, "column": 33 },
        "end": { "line": 52, "column": 3 }
      },
      "5": {
        "start": { "line": 63, "column": 27 },
        "end": { "line": 63, "column": 46 }
      },
      "6": {
        "start": { "line": 64, "column": 28 },
        "end": { "line": 64, "column": 48 }
      },
      "7": {
        "start": { "line": 67, "column": 11 },
        "end": { "line": 74, "column": 11 }
      },
      "8": {
        "start": { "line": 77, "column": 19 },
        "end": { "line": 77, "column": 79 }
      },
      "9": {
        "start": { "line": 75, "column": 10 },
        "end": { "line": 80, "column": 17 }
      },
      "10": {
        "start": { "line": 66, "column": 8 },
        "end": { "line": 81, "column": 15 }
      },
      "11": {
        "start": { "line": 85, "column": 17 },
        "end": { "line": 87, "column": 11 }
      },
      "12": {
        "start": { "line": 89, "column": 10 },
        "end": { "line": 89, "column": 64 }
      },
      "13": {
        "start": { "line": 84, "column": 8 },
        "end": { "line": 90, "column": 15 }
      },
      "14": {
        "start": { "line": 57, "column": 6 },
        "end": { "line": 91, "column": 25 }
      },
      "15": {
        "start": { "line": 94, "column": 7 },
        "end": { "line": 101, "column": 7 }
      },
      "16": {
        "start": { "line": 55, "column": 4 },
        "end": { "line": 102, "column": 11 }
      }
    },
    "fnMap": {
      "0": {
        "name": "_temp",
        "decl": {
          "start": { "line": 38, "column": 39 },
          "end": { "line": 38, "column": 40 }
        },
        "loc": { "start": {}, "end": {} }
      }
    },
    "branchMap": {
      "0": {
        "loc": {
          "start": { "line": 16, "column": 0 },
          "end": { "line": 25, "column": 1 }
        },
        "type": "if",
        "locations": [
          {
            "start": { "line": 16, "column": 0 },
            "end": { "line": 25, "column": 1 }
          },
          { "start": {}, "end": {} }
        ],
        "line": 16
      },
      "1": {
        "loc": {
          "start": { "line": 17, "column": 2 },
          "end": { "line": 18, "column": 49 }
        },
        "type": "binary-expr",
        "locations": [
          {
            "start": { "line": 17, "column": 2 },
            "end": { "line": 17, "column": 27 }
          },
          {
            "start": { "line": 18, "column": 2 },
            "end": { "line": 18, "column": 49 }
          }
        ],
        "line": 17
      },
      "2": {
        "loc": {
          "start": { "line": 22, "column": 2 },
          "end": { "line": 24, "column": 3 }
        },
        "type": "if",
        "locations": [
          {
            "start": { "line": 22, "column": 2 },
            "end": { "line": 24, "column": 3 }
          },
          { "start": {}, "end": {} }
        ],
        "line": 22
      },
      "3": {
        "loc": {
          "start": { "line": 42, "column": 2 },
          "end": { "line": 42, "column": 21 }
        },
        "type": "cond-expr",
        "locations": [
          { "start": {}, "end": {} },
          {
            "start": { "line": 42, "column": 2 },
            "end": { "line": 42, "column": 21 }
          }
        ],
        "line": 42
      },
      "4": {
        "loc": {
          "start": { "line": 62, "column": 41 },
          "end": { "line": 62, "column": 80 }
        },
        "type": "cond-expr",
        "locations": [
          {
            "start": { "line": 62, "column": 50 },
            "end": { "line": 62, "column": 63 }
          },
          {
            "start": { "line": 62, "column": 66 },
            "end": { "line": 62, "column": 80 }
          }
        ],
        "line": 62
      },
      "5": {
        "loc": {
          "start": { "line": 67, "column": 11 },
          "end": { "line": 74, "column": 11 }
        },
        "type": "binary-expr",
        "locations": [
          {
            "start": { "line": 67, "column": 11 },
            "end": { "line": 67, "column": 15 }
          },
          {
            "start": { "line": 68, "column": 12 },
            "end": { "line": 73, "column": 19 }
          }
        ],
        "line": 67
      },
      "6": {
        "loc": {
          "start": { "line": 86, "column": 34 },
          "end": { "line": 86, "column": 60 }
        },
        "type": "cond-expr",
        "locations": [
          {
            "start": { "line": 86, "column": 43 },
            "end": { "line": 86, "column": 51 }
          },
          {
            "start": { "line": 86, "column": 54 },
            "end": { "line": 86, "column": 60 }
          }
        ],
        "line": 86
      },
      "7": {
        "loc": {
          "start": { "line": 94, "column": 7 },
          "end": { "line": 101, "column": 7 }
        },
        "type": "binary-expr",
        "locations": [
          {
            "start": { "line": 94, "column": 7 },
            "end": { "line": 94, "column": 13 }
          },
          {
            "start": { "line": 95, "column": 8 },
            "end": { "line": 100, "column": 15 }
          }
        ],
        "line": 94
      }
    },
    "s": {
      "0": 2,
      "1": 0,
      "2": 0,
      "3": 2,
      "4": 13,
      "5": 15,
      "6": 15,
      "7": 13,
      "8": 13,
      "9": 13,
      "10": 13,
      "11": 15,
      "12": 13,
      "13": 15,
      "14": 15,
      "15": 15,
      "16": 15
    },
    "f": { "0": 2 },
    "b": {
      "0": [0, 2],
      "1": [2, 0],
      "2": [0, 0],
      "3": [3, 12],
      "4": [5, 10],
      "5": [13, 4],
      "6": [5, 10],
      "7": [15, 5]
    },
    "_coverageSchema": "1a1c01bbd47fc00a2c39e90264f33305004495a9",
    "hash": "f89506d45218f537013df803e6bc3d05bdc640a6"
  },
  "C:\\Users\\muham\\OneDrive\\Belgeler\\Kitaplik\\Kitaplik_App\\components\\ProfileModal.tsx": {
    "path": "C:\\Users\\muham\\OneDrive\\Belgeler\\Kitaplik\\Kitaplik_App\\components\\ProfileModal.tsx",
    "statementMap": {
      "0": {
        "start": { "line": 37, "column": 6 },
        "end": { "line": 42, "column": 8 }
      },
      "1": {
        "start": { "line": 44, "column": 19 },
        "end": { "line": 47, "column": 9 }
      },
      "2": {
        "start": { "line": 49, "column": 9 },
        "end": { "line": 49, "column": 44 }
      },
      "3": {
        "start": { "line": 43, "column": 6 },
        "end": { "line": 50, "column": 13 }
      },
      "4": {
        "start": { "line": 53, "column": 19 },
        "end": { "line": 55, "column": 9 }
      },
      "5": {
        "start": { "line": 56, "column": 15 },
        "end": { "line": 56, "column": 61 }
      },
      "6": {
        "start": { "line": 59, "column": 21 },
        "end": { "line": 62, "column": 11 }
      },
      "7": {
        "start": { "line": 64, "column": 11 },
        "end": { "line": 64, "column": 36 }
      },
      "8": {
        "start": { "line": 58, "column": 8 },
        "end": { "line": 65, "column": 15 }
      },
      "9": {
        "start": { "line": 52, "column": 6 },
        "end": { "line": 66, "column": 13 }
      },
      "10": {
        "start": { "line": 69, "column": 19 },
        "end": { "line": 72, "column": 9 }
      },
      "11": {
        "start": { "line": 75, "column": 8 },
        "end": { "line": 75, "column": 71 }
      },
      "12": {
        "start": { "line": 77, "column": 11 },
        "end": { "line": 77, "column": 30 }
      },
      "13": {
        "start": { "line": 76, "column": 8 },
        "end": { "line": 78, "column": 15 }
      },
      "14": {
        "start": { "line": 68, "column": 6 },
        "end": { "line": 79, "column": 25 }
      },
      "15": {
        "start": { "line": 36, "column": 4 },
        "end": { "line": 80, "column": 11 }
      },
      "16": {
        "start": { "line": 100, "column": 6 },
        "end": { "line": 102, "column": 13 }
      },
      "17": {
        "start": { "line": 104, "column": 19 },
        "end": { "line": 107, "column": 9 }
      },
      "18": {
        "start": { "line": 109, "column": 9 },
        "end": { "line": 109, "column": 28 }
      },
      "19": {
        "start": { "line": 103, "column": 6 },
        "end": { "line": 110, "column": 13 }
      },
      "20": {
        "start": { "line": 112, "column": 19 },
        "end": { "line": 115, "column": 9 }
      },
      "21": {
        "start": { "line": 117, "column": 9 },
        "end": { "line": 117, "column": 33 }
      },
      "22": {
        "start": { "line": 111, "column": 6 },
        "end": { "line": 118, "column": 13 }
      },
      "23": {
        "start": { "line": 121, "column": 19 },
        "end": { "line": 126, "column": 9 }
      },
      "24": {
        "start": { "line": 129, "column": 21 },
        "end": { "line": 132, "column": 11 }
      },
      "25": {
        "start": { "line": 133, "column": 23 },
        "end": { "line": 133, "column": 52 }
      },
      "26": {
        "start": { "line": 128, "column": 8 },
        "end": { "line": 137, "column": 10 }
      },
      "27": {
        "start": { "line": 120, "column": 6 },
        "end": { "line": 138, "column": 13 }
      },
      "28": {
        "start": { "line": 144, "column": 8 },
        "end": { "line": 144, "column": 67 }
      },
      "29": {
        "start": { "line": 146, "column": 11 },
        "end": { "line": 146, "column": 37 }
      },
      "30": {
        "start": { "line": 145, "column": 8 },
        "end": { "line": 147, "column": 15 }
      },
      "31": {
        "start": { "line": 140, "column": 6 },
        "end": { "line": 148, "column": 25 }
      },
      "32": {
        "start": { "line": 99, "column": 4 },
        "end": { "line": 149, "column": 11 }
      },
      "33": {
        "start": { "line": 163, "column": 30 },
        "end": { "line": 170, "column": 3 }
      },
      "34": {
        "start": { "line": 172, "column": 24 },
        "end": { "line": 175, "column": 3 }
      },
      "35": {
        "start": { "line": 186, "column": 21 },
        "end": { "line": 191, "column": 11 }
      },
      "36": {
        "start": { "line": 192, "column": 17 },
        "end": { "line": 192, "column": 59 }
      },
      "37": {
        "start": { "line": 196, "column": 23 },
        "end": { "line": 199, "column": 13 }
      },
      "38": {
        "start": { "line": 202, "column": 25 },
        "end": { "line": 205, "column": 15 }
      },
      "39": {
        "start": { "line": 207, "column": 15 },
        "end": { "line": 207, "column": 27 }
      },
      "40": {
        "start": { "line": 201, "column": 12 },
        "end": { "line": 208, "column": 19 }
      },
      "41": {
        "start": { "line": 212, "column": 34 },
        "end": { "line": 212, "column": 44 }
      },
      "42": {
        "start": { "line": 215, "column": 14 },
        "end": { "line": 215, "column": 72 }
      },
      "43": {
        "start": { "line": 209, "column": 12 },
        "end": { "line": 216, "column": 31 }
      },
      "44": {
        "start": { "line": 195, "column": 10 },
        "end": { "line": 217, "column": 17 }
      },
      "45": {
        "start": { "line": 220, "column": 10 },
        "end": { "line": 235, "column": 17 }
      },
      "46": {
        "start": { "line": 184, "column": 6 },
        "end": { "line": 237, "column": 13 }
      },
      "47": {
        "start": { "line": 178, "column": 4 },
        "end": { "line": 238, "column": 12 }
      }
    },
    "fnMap": {
      "0": {
        "name": "LoggedInView",
        "decl": {
          "start": { "line": 23, "column": 0 },
          "end": { "line": 23, "column": 1 }
        },
        "loc": { "start": {}, "end": {} }
      },
      "1": {
        "name": "GuestView",
        "decl": {
          "start": { "line": 85, "column": 0 },
          "end": { "line": 85, "column": 1 }
        },
        "loc": { "start": {}, "end": {} }
      },
      "2": {
        "name": "ProfileModal",
        "decl": {
          "start": { "line": 154, "column": 15 },
          "end": { "line": 154, "column": 16 }
        },
        "loc": { "start": {}, "end": {} }
      }
    },
    "branchMap": {
      "0": {
        "loc": {
          "start": { "line": 38, "column": 16 },
          "end": { "line": 38, "column": 66 }
        },
        "type": "binary-expr",
        "locations": [
          { "start": {}, "end": {} },
          {
            "start": { "line": 38, "column": 33 },
            "end": { "line": 38, "column": 66 }
          }
        ],
        "line": 38
      },
      "1": {
        "loc": {
          "start": { "line": 46, "column": 10 },
          "end": { "line": 46, "column": 54 }
        },
        "type": "cond-expr",
        "locations": [
          {
            "start": { "line": 46, "column": 23 },
            "end": { "line": 46, "column": 35 }
          },
          {
            "start": { "line": 46, "column": 38 },
            "end": { "line": 46, "column": 54 }
          }
        ],
        "line": 46
      },
      "2": {
        "loc": {
          "start": { "line": 49, "column": 9 },
          "end": { "line": 49, "column": 44 }
        },
        "type": "binary-expr",
        "locations": [
          { "start": {}, "end": {} },
          {
            "start": { "line": 49, "column": 29 },
            "end": { "line": 49, "column": 44 }
          }
        ],
        "line": 49
      },
      "3": {
        "loc": {
          "start": { "line": 61, "column": 12 },
          "end": { "line": 61, "column": 59 }
        },
        "type": "cond-expr",
        "locations": [
          {
            "start": { "line": 61, "column": 25 },
            "end": { "line": 61, "column": 40 }
          },
          {
            "start": { "line": 61, "column": 43 },
            "end": { "line": 61, "column": 59 }
          }
        ],
        "line": 61
      },
      "4": {
        "loc": {
          "start": { "line": 106, "column": 10 },
          "end": { "line": 106, "column": 54 }
        },
        "type": "cond-expr",
        "locations": [
          {
            "start": { "line": 106, "column": 23 },
            "end": { "line": 106, "column": 35 }
          },
          {
            "start": { "line": 106, "column": 38 },
            "end": { "line": 106, "column": 54 }
          }
        ],
        "line": 106
      },
      "5": {
        "loc": {
          "start": { "line": 114, "column": 10 },
          "end": { "line": 114, "column": 57 }
        },
        "type": "cond-expr",
        "locations": [
          {
            "start": { "line": 114, "column": 23 },
            "end": { "line": 114, "column": 38 }
          },
          {
            "start": { "line": 114, "column": 41 },
            "end": { "line": 114, "column": 57 }
          }
        ],
        "line": 114
      },
      "6": {
        "loc": {
          "start": { "line": 123, "column": 10 },
          "end": { "line": 125, "column": 41 }
        },
        "type": "cond-expr",
        "locations": [
          {
            "start": { "line": 124, "column": 14 },
            "end": { "line": 124, "column": 45 }
          },
          {
            "start": { "line": 125, "column": 14 },
            "end": { "line": 125, "column": 41 }
          }
        ],
        "line": 123
      },
      "7": {
        "loc": {
          "start": { "line": 131, "column": 12 },
          "end": { "line": 131, "column": 56 }
        },
        "type": "cond-expr",
        "locations": [
          {
            "start": { "line": 131, "column": 25 },
            "end": { "line": 131, "column": 37 }
          },
          {
            "start": { "line": 131, "column": 40 },
            "end": { "line": 131, "column": 56 }
          }
        ],
        "line": 131
      },
      "8": {
        "loc": {
          "start": { "line": 134, "column": 32 },
          "end": { "line": 134, "column": 66 }
        },
        "type": "cond-expr",
        "locations": [
          {
            "start": { "line": 134, "column": 45 },
            "end": { "line": 134, "column": 54 }
          },
          {
            "start": { "line": 134, "column": 57 },
            "end": { "line": 134, "column": 66 }
          }
        ],
        "line": 134
      },
      "9": {
        "loc": {
          "start": { "line": 188, "column": 12 },
          "end": { "line": 190, "column": 43 }
        },
        "type": "cond-expr",
        "locations": [
          {
            "start": { "line": 189, "column": 16 },
            "end": { "line": 189, "column": 47 }
          },
          {
            "start": { "line": 190, "column": 16 },
            "end": { "line": 190, "column": 43 }
          }
        ],
        "line": 188
      },
      "10": {
        "loc": {
          "start": { "line": 192, "column": 17 },
          "end": { "line": 192, "column": 59 }
        },
        "type": "cond-expr",
        "locations": [
          { "start": {}, "end": {} },
          { "start": {}, "end": {} }
        ],
        "line": 192
      },
      "11": {
        "loc": {
          "start": { "line": 198, "column": 14 },
          "end": { "line": 198, "column": 66 }
        },
        "type": "cond-expr",
        "locations": [
          {
            "start": { "line": 198, "column": 27 },
            "end": { "line": 198, "column": 45 }
          },
          {
            "start": { "line": 198, "column": 48 },
            "end": { "line": 198, "column": 66 }
          }
        ],
        "line": 198
      },
      "12": {
        "loc": {
          "start": { "line": 204, "column": 16 },
          "end": { "line": 204, "column": 60 }
        },
        "type": "cond-expr",
        "locations": [
          {
            "start": { "line": 204, "column": 29 },
            "end": { "line": 204, "column": 41 }
          },
          {
            "start": { "line": 204, "column": 44 },
            "end": { "line": 204, "column": 60 }
          }
        ],
        "line": 204
      },
      "13": {
        "loc": {
          "start": { "line": 215, "column": 34 },
          "end": { "line": 215, "column": 68 }
        },
        "type": "cond-expr",
        "locations": [
          {
            "start": { "line": 215, "column": 47 },
            "end": { "line": 215, "column": 56 }
          },
          {
            "start": { "line": 215, "column": 59 },
            "end": { "line": 215, "column": 68 }
          }
        ],
        "line": 215
      },
      "14": {
        "loc": {
          "start": { "line": 221, "column": 13 },
          "end": { "line": 234, "column": 13 }
        },
        "type": "cond-expr",
        "locations": [
          {
            "start": { "line": 222, "column": 14 },
            "end": { "line": 226, "column": 16 }
          },
          {
            "start": { "line": 228, "column": 14 },
            "end": { "line": 233, "column": 16 }
          }
        ],
        "line": 221
      }
    },
    "s": {
      "0": 2,
      "1": 2,
      "2": 2,
      "3": 2,
      "4": 2,
      "5": 2,
      "6": 2,
      "7": 2,
      "8": 2,
      "9": 2,
      "10": 2,
      "11": 2,
      "12": 2,
      "13": 2,
      "14": 2,
      "15": 2,
      "16": 3,
      "17": 3,
      "18": 5,
      "19": 3,
      "20": 3,
      "21": 5,
      "22": 3,
      "23": 3,
      "24": 3,
      "25": 5,
      "26": 5,
      "27": 5,
      "28": 3,
      "29": 5,
      "30": 3,
      "31": 5,
      "32": 5,
      "33": 8,
      "34": 6,
      "35": 6,
      "36": 6,
      "37": 6,
      "38": 6,
      "39": 8,
      "40": 6,
      "41": 8,
      "42": 6,
      "43": 6,
      "44": 6,
      "45": 8,
      "46": 8,
      "47": 8
    },
    "f": { "0": 2, "1": 5, "2": 8 },
    "b": {
      "0": [2, 0],
      "1": [0, 2],
      "2": [2, 0],
      "3": [0, 2],
      "4": [0, 5],
      "5": [0, 5],
      "6": [0, 5],
      "7": [0, 5],
      "8": [0, 5],
      "9": [0, 8],
      "10": [0, 6],
      "11": [0, 8],
      "12": [0, 8],
      "13": [0, 8],
      "14": [2, 6]
    },
    "_coverageSchema": "1a1c01bbd47fc00a2c39e90264f33305004495a9",
    "hash": "73feadff2dd808fb0390f68818c11d6680120bb5"
  },
  "C:\\Users\\muham\\OneDrive\\Belgeler\\Kitaplik\\Kitaplik_App\\context\\BooksContext.tsx": {
    "path": "C:\\Users\\muham\\OneDrive\\Belgeler\\Kitaplik\\Kitaplik_App\\context\\BooksContext.tsx",
    "statementMap": {
      "0": {
        "start": { "line": 52, "column": 21 },
        "end": { "line": 52, "column": 75 }
      },
      "1": {
        "start": { "line": 54, "column": 26 },
        "end": { "line": 54, "column": 38 }
      },
      "2": {
        "start": { "line": 57, "column": 30 },
        "end": { "line": 110, "column": 1 }
      },
      "3": {
        "start": { "line": 115, "column": 28 },
        "end": { "line": 115, "column": 48 }
      },
      "4": {
        "start": { "line": 116, "column": 36 },
        "end": { "line": 116, "column": 50 }
      },
      "5": {
        "start": { "line": 119, "column": 2 },
        "end": { "line": 140, "column": 9 }
      },
      "6": {
        "start": { "line": 120, "column": 22 },
        "end": { "line": 137, "column": 5 }
      },
      "7": {
        "start": { "line": 121, "column": 6 },
        "end": { "line": 136, "column": 7 }
      },
      "8": {
        "start": { "line": 123, "column": 10 },
        "end": { "line": 123, "column": 65 }
      },
      "9": {
        "start": { "line": 124, "column": 8 },
        "end": { "line": 130, "column": 9 }
      },
      "10": {
        "start": { "line": 125, "column": 10 },
        "end": { "line": 125, "column": 31 }
      },
      "11": {
        "start": { "line": 128, "column": 10 },
        "end": { "line": 128, "column": 34 }
      },
      "12": {
        "start": { "line": 129, "column": 10 },
        "end": { "line": 129, "column": 73 }
      },
      "13": {
        "start": { "line": 132, "column": 8 },
        "end": { "line": 132, "column": 50 }
      },
      "14": {
        "start": { "line": 133, "column": 8 },
        "end": { "line": 133, "column": 70 }
      },
      "15": {
        "start": { "line": 135, "column": 8 },
        "end": { "line": 135, "column": 28 }
      },
      "16": {
        "start": { "line": 139, "column": 4 },
        "end": { "line": 139, "column": 16 }
      },
      "17": {
        "start": { "line": 143, "column": 2 },
        "end": { "line": 157, "column": 25 }
      },
      "18": {
        "start": { "line": 144, "column": 4 },
        "end": { "line": 144, "column": 26 }
      },
      "19": {
        "start": { "line": 144, "column": 19 },
        "end": { "line": 144, "column": 26 }
      },
      "20": {
        "start": { "line": 146, "column": 20 },
        "end": { "line": 152, "column": 12 }
      },
      "21": {
        "start": { "line": 147, "column": 6 },
        "end": { "line": 151, "column": 7 }
      },
      "22": {
        "start": { "line": 148, "column": 8 },
        "end": { "line": 148, "column": 63 }
      },
      "23": {
        "start": { "line": 150, "column": 8 },
        "end": { "line": 150, "column": 50 }
      },
      "24": {
        "start": { "line": 154, "column": 4 },
        "end": { "line": 156, "column": 6 }
      },
      "25": {
        "start": { "line": 155, "column": 6 },
        "end": { "line": 155, "column": 28 }
      },
      "26": {
        "start": { "line": 160, "column": 18 },
        "end": { "line": 189, "column": 3 }
      },
      "27": {
        "start": { "line": 163, "column": 30 },
        "end": { "line": 163, "column": 68 }
      },
      "28": {
        "start": { "line": 164, "column": 31 },
        "end": { "line": 164, "column": 70 }
      },
      "29": {
        "start": { "line": 166, "column": 26 },
        "end": { "line": 170, "column": 7 }
      },
      "30": {
        "start": { "line": 168, "column": 10 },
        "end": { "line": 169, "column": 63 }
      },
      "31": {
        "start": { "line": 172, "column": 6 },
        "end": { "line": 178, "column": 7 }
      },
      "32": {
        "start": { "line": 173, "column": 8 },
        "end": { "line": 176, "column": 10 }
      },
      "33": {
        "start": { "line": 177, "column": 8 },
        "end": { "line": 177, "column": 21 }
      },
      "34": {
        "start": { "line": 180, "column": 28 },
        "end": { "line": 184, "column": 7 }
      },
      "35": {
        "start": { "line": 185, "column": 6 },
        "end": { "line": 185, "column": 45 }
      },
      "36": {
        "start": { "line": 185, "column": 25 },
        "end": { "line": 185, "column": 43 }
      },
      "37": {
        "start": { "line": 186, "column": 6 },
        "end": { "line": 186, "column": 18 }
      },
      "38": {
        "start": { "line": 192, "column": 27 },
        "end": { "line": 222, "column": 3 }
      },
      "39": {
        "start": { "line": 195, "column": 27 },
        "end": { "line": 195, "column": 57 }
      },
      "40": {
        "start": { "line": 195, "column": 45 },
        "end": { "line": 195, "column": 56 }
      },
      "41": {
        "start": { "line": 196, "column": 30 },
        "end": { "line": 196, "column": 63 }
      },
      "42": {
        "start": { "line": 198, "column": 6 },
        "end": { "line": 214, "column": 8 }
      },
      "43": {
        "start": { "line": 199, "column": 8 },
        "end": { "line": 213, "column": 10 }
      },
      "44": {
        "start": { "line": 200, "column": 10 },
        "end": { "line": 211, "column": 11 }
      },
      "45": {
        "start": { "line": 201, "column": 32 },
        "end": { "line": 201, "column": 51 }
      },
      "46": {
        "start": { "line": 203, "column": 12 },
        "end": { "line": 209, "column": 13 }
      },
      "47": {
        "start": { "line": 204, "column": 14 },
        "end": { "line": 204, "column": 39 }
      },
      "48": {
        "start": { "line": 205, "column": 14 },
        "end": { "line": 205, "column": 75 }
      },
      "49": {
        "start": { "line": 206, "column": 19 },
        "end": { "line": 209, "column": 13 }
      },
      "50": {
        "start": { "line": 207, "column": 14 },
        "end": { "line": 207, "column": 39 }
      },
      "51": {
        "start": { "line": 208, "column": 14 },
        "end": { "line": 208, "column": 42 }
      },
      "52": {
        "start": { "line": 210, "column": 12 },
        "end": { "line": 210, "column": 31 }
      },
      "53": {
        "start": { "line": 212, "column": 10 },
        "end": { "line": 212, "column": 22 }
      },
      "54": {
        "start": { "line": 217, "column": 6 },
        "end": { "line": 219, "column": 7 }
      },
      "55": {
        "start": { "line": 218, "column": 8 },
        "end": { "line": 218, "column": 67 }
      },
      "56": {
        "start": { "line": 225, "column": 44 },
        "end": { "line": 236, "column": 3 }
      },
      "57": {
        "start": { "line": 226, "column": 4 },
        "end": { "line": 235, "column": 5 }
      },
      "58": {
        "start": { "line": 227, "column": 23 },
        "end": { "line": 229, "column": 36 }
      },
      "59": {
        "start": { "line": 230, "column": 6 },
        "end": { "line": 232, "column": 7 }
      },
      "60": {
        "start": { "line": 231, "column": 8 },
        "end": { "line": 231, "column": 56 }
      },
      "61": {
        "start": { "line": 239, "column": 26 },
        "end": { "line": 248, "column": 8 }
      },
      "62": {
        "start": { "line": 240, "column": 4 },
        "end": { "line": 247, "column": 6 }
      },
      "63": {
        "start": { "line": 241, "column": 6 },
        "end": { "line": 246, "column": 8 }
      },
      "64": {
        "start": { "line": 242, "column": 8 },
        "end": { "line": 244, "column": 9 }
      },
      "65": {
        "start": { "line": 243, "column": 10 },
        "end": { "line": 243, "column": 36 }
      },
      "66": {
        "start": { "line": 245, "column": 8 },
        "end": { "line": 245, "column": 20 }
      },
      "67": {
        "start": { "line": 251, "column": 29 },
        "end": { "line": 297, "column": 3 }
      },
      "68": {
        "start": { "line": 253, "column": 6 },
        "end": { "line": 294, "column": 8 }
      },
      "69": {
        "start": { "line": 254, "column": 8 },
        "end": { "line": 293, "column": 10 }
      },
      "70": {
        "start": { "line": 255, "column": 10 },
        "end": { "line": 291, "column": 11 }
      },
      "71": {
        "start": { "line": 256, "column": 29 },
        "end": { "line": 256, "column": 72 }
      },
      "72": {
        "start": { "line": 257, "column": 39 },
        "end": { "line": 257, "column": 65 }
      },
      "73": {
        "start": { "line": 260, "column": 31 },
        "end": { "line": 260, "column": 60 }
      },
      "74": {
        "start": { "line": 261, "column": 34 },
        "end": { "line": 261, "column": 49 }
      },
      "75": {
        "start": { "line": 262, "column": 50 },
        "end": { "line": 262, "column": 54 }
      },
      "76": {
        "start": { "line": 265, "column": 12 },
        "end": { "line": 274, "column": 13 }
      },
      "77": {
        "start": { "line": 266, "column": 14 },
        "end": { "line": 266, "column": 37 }
      },
      "78": {
        "start": { "line": 267, "column": 14 },
        "end": { "line": 267, "column": 36 }
      },
      "79": {
        "start": { "line": 268, "column": 19 },
        "end": { "line": 274, "column": 13 }
      },
      "80": {
        "start": { "line": 269, "column": 14 },
        "end": { "line": 269, "column": 37 }
      },
      "81": {
        "start": { "line": 270, "column": 14 },
        "end": { "line": 270, "column": 36 }
      },
      "82": {
        "start": { "line": 271, "column": 19 },
        "end": { "line": 274, "column": 13 }
      },
      "83": {
        "start": { "line": 272, "column": 14 },
        "end": { "line": 272, "column": 37 }
      },
      "84": {
        "start": { "line": 273, "column": 14 },
        "end": { "line": 273, "column": 36 }
      },
      "85": {
        "start": { "line": 277, "column": 12 },
        "end": { "line": 282, "column": 13 }
      },
      "86": {
        "start": { "line": 278, "column": 14 },
        "end": { "line": 281, "column": 16 }
      },
      "87": {
        "start": { "line": 284, "column": 12 },
        "end": { "line": 290, "column": 14 }
      },
      "88": {
        "start": { "line": 292, "column": 10 },
        "end": { "line": 292, "column": 22 }
      },
      "89": {
        "start": { "line": 300, "column": 45 },
        "end": { "line": 314, "column": 3 }
      },
      "90": {
        "start": { "line": 304, "column": 4 },
        "end": { "line": 313, "column": 5 }
      },
      "91": {
        "start": { "line": 305, "column": 23 },
        "end": { "line": 307, "column": 36 }
      },
      "92": {
        "start": { "line": 308, "column": 6 },
        "end": { "line": 310, "column": 7 }
      },
      "93": {
        "start": { "line": 309, "column": 8 },
        "end": { "line": 309, "column": 68 }
      },
      "94": {
        "start": { "line": 317, "column": 21 },
        "end": { "line": 319, "column": 8 }
      },
      "95": {
        "start": { "line": 318, "column": 4 },
        "end": { "line": 318, "column": 62 }
      },
      "96": {
        "start": { "line": 318, "column": 23 },
        "end": { "line": 318, "column": 60 }
      },
      "97": {
        "start": { "line": 318, "column": 45 },
        "end": { "line": 318, "column": 59 }
      },
      "98": {
        "start": { "line": 322, "column": 22 },
        "end": { "line": 327, "column": 3 }
      },
      "99": {
        "start": { "line": 324, "column": 6 },
        "end": { "line": 324, "column": 50 }
      },
      "100": {
        "start": { "line": 324, "column": 34 },
        "end": { "line": 324, "column": 48 }
      },
      "101": {
        "start": { "line": 330, "column": 23 },
        "end": { "line": 342, "column": 8 }
      },
      "102": {
        "start": { "line": 331, "column": 4 },
        "end": { "line": 341, "column": 5 }
      },
      "103": {
        "start": { "line": 332, "column": 6 },
        "end": { "line": 332, "column": 57 }
      },
      "104": {
        "start": { "line": 333, "column": 6 },
        "end": { "line": 333, "column": 30 }
      },
      "105": {
        "start": { "line": 334, "column": 6 },
        "end": { "line": 337, "column": 8 }
      },
      "106": {
        "start": { "line": 339, "column": 6 },
        "end": { "line": 339, "column": 51 }
      },
      "107": {
        "start": { "line": 340, "column": 6 },
        "end": { "line": 340, "column": 69 }
      },
      "108": {
        "start": { "line": 345, "column": 23 },
        "end": { "line": 357, "column": 8 }
      },
      "109": {
        "start": { "line": 346, "column": 4 },
        "end": { "line": 356, "column": 5 }
      },
      "110": {
        "start": { "line": 347, "column": 6 },
        "end": { "line": 347, "column": 30 }
      },
      "111": {
        "start": { "line": 349, "column": 6 },
        "end": { "line": 352, "column": 8 }
      },
      "112": {
        "start": { "line": 354, "column": 6 },
        "end": { "line": 354, "column": 51 }
      },
      "113": {
        "start": { "line": 355, "column": 6 },
        "end": { "line": 355, "column": 67 }
      },
      "114": {
        "start": { "line": 360, "column": 23 },
        "end": { "line": 385, "column": 3 }
      },
      "115": {
        "start": { "line": 361, "column": 11 },
        "end": { "line": 372, "column": 5 }
      },
      "116": {
        "start": { "line": 387, "column": 2 },
        "end": { "line": 391, "column": 4 }
      }
    },
    "fnMap": {
      "0": {
        "name": "BooksProvider",
        "decl": {
          "start": { "line": 112, "column": 16 },
          "end": { "line": 112, "column": 29 }
        },
        "loc": {
          "start": { "line": 114, "column": 44 },
          "end": { "line": 392, "column": 1 }
        },
        "line": 114
      },
      "1": {
        "name": "(anonymous_1)",
        "decl": {
          "start": { "line": 119, "column": 12 },
          "end": { "line": 119, "column": 13 }
        },
        "loc": {
          "start": { "line": 119, "column": 18 },
          "end": { "line": 140, "column": 3 }
        },
        "line": 119
      },
      "2": {
        "name": "(anonymous_2)",
        "decl": {
          "start": { "line": 120, "column": 22 },
          "end": { "line": 120, "column": 23 }
        },
        "loc": {
          "start": { "line": 120, "column": 34 },
          "end": { "line": 137, "column": 5 }
        },
        "line": 120
      },
      "3": {
        "name": "(anonymous_3)",
        "decl": {
          "start": { "line": 143, "column": 12 },
          "end": { "line": 143, "column": 13 }
        },
        "loc": {
          "start": { "line": 143, "column": 18 },
          "end": { "line": 157, "column": 3 }
        },
        "line": 143
      },
      "4": {
        "name": "(anonymous_4)",
        "decl": {
          "start": { "line": 146, "column": 31 },
          "end": { "line": 146, "column": 32 }
        },
        "loc": {
          "start": { "line": 146, "column": 43 },
          "end": { "line": 152, "column": 5 }
        },
        "line": 146
      },
      "5": {
        "name": "(anonymous_5)",
        "decl": {
          "start": { "line": 154, "column": 11 },
          "end": { "line": 154, "column": 12 }
        },
        "loc": {
          "start": { "line": 154, "column": 17 },
          "end": { "line": 156, "column": 5 }
        },
        "line": 154
      },
      "6": {
        "name": "(anonymous_6)",
        "decl": {
          "start": { "line": 161, "column": 4 },
          "end": { "line": 161, "column": 5 }
        },
        "loc": {
          "start": { "line": 161, "column": 60 },
          "end": { "line": 187, "column": 5 }
        },
        "line": 161
      },
      "7": {
        "name": "(anonymous_7)",
        "decl": {
          "start": { "line": 167, "column": 8 },
          "end": { "line": 167, "column": 9 }
        },
        "loc": {
          "start": { "line": 168, "column": 10 },
          "end": { "line": 169, "column": 63 }
        },
        "line": 168
      },
      "8": {
        "name": "(anonymous_8)",
        "decl": {
          "start": { "line": 185, "column": 15 },
          "end": { "line": 185, "column": 16 }
        },
        "loc": {
          "start": { "line": 185, "column": 25 },
          "end": { "line": 185, "column": 43 }
        },
        "line": 185
      },
      "9": {
        "name": "(anonymous_9)",
        "decl": {
          "start": { "line": 193, "column": 4 },
          "end": { "line": 193, "column": 5 }
        },
        "loc": {
          "start": { "line": 193, "column": 40 },
          "end": { "line": 220, "column": 5 }
        },
        "line": 193
      },
      "10": {
        "name": "(anonymous_10)",
        "decl": {
          "start": { "line": 195, "column": 38 },
          "end": { "line": 195, "column": 39 }
        },
        "loc": {
          "start": { "line": 195, "column": 45 },
          "end": { "line": 195, "column": 56 }
        },
        "line": 195
      },
      "11": {
        "name": "(anonymous_11)",
        "decl": {
          "start": { "line": 198, "column": 15 },
          "end": { "line": 198, "column": 16 }
        },
        "loc": {
          "start": { "line": 199, "column": 8 },
          "end": { "line": 213, "column": 10 }
        },
        "line": 199
      },
      "12": {
        "name": "(anonymous_12)",
        "decl": {
          "start": { "line": 199, "column": 17 },
          "end": { "line": 199, "column": 18 }
        },
        "loc": {
          "start": { "line": 199, "column": 27 },
          "end": { "line": 213, "column": 9 }
        },
        "line": 199
      },
      "13": {
        "name": "(anonymous_13)",
        "decl": {
          "start": { "line": 225, "column": 44 },
          "end": { "line": 225, "column": 45 }
        },
        "loc": {
[...]
      },
      "3": {
        "loc": {
          "start": { "line": 24, "column": 6 },
          "end": { "line": 24, "column": 59 }
        },
        "type": "binary-expr",
        "locations": [
          {
            "start": { "line": 24, "column": 6 },
            "end": { "line": 24, "column": 11 }
          },
          {
            "start": { "line": 24, "column": 15 },
            "end": { "line": 24, "column": 40 }
          },
          {
            "start": { "line": 24, "column": 44 },
            "end": { "line": 24, "column": 59 }
          }
        ],
        "line": 24
      },
      "4": {
        "loc": {
          "start": { "line": 35, "column": 2 },
          "end": { "line": 45, "column": 3 }
        },
        "type": "if",
        "locations": [
          {
            "start": { "line": 35, "column": 2 },
            "end": { "line": 45, "column": 3 }
          },
          {
            "start": { "line": 38, "column": 9 },
            "end": { "line": 45, "column": 3 }
          }
        ],
        "line": 35
      },
      "5": {
        "loc": {
          "start": { "line": 43, "column": 23 },
          "end": { "line": 43, "column": 47 }
        },
        "type": "cond-expr",
        "locations": [
          {
            "start": { "line": 43, "column": 30 },
            "end": { "line": 43, "column": 42 }
          },
          {
            "start": { "line": 43, "column": 45 },
            "end": { "line": 43, "column": 47 }
          }
        ],
        "line": 43
      }
    },
    "s": {
      "0": 11,
      "1": 3,
      "2": 8,
      "3": 1,
      "4": 7,
      "5": 12,
      "6": 4,
      "7": 8,
      "8": 6,
      "9": 2,
      "10": 4,
      "11": 4,
      "12": 4,
      "13": 4
    },
    "f": { "0": 11, "1": 12, "2": 6 },
    "b": {
      "0": [3, 8],
      "1": [1, 7],
      "2": [4, 8],
      "3": [12, 9, 7],
      "4": [2, 4],
      "5": [1, 3]
    },
    "_coverageSchema": "1a1c01bbd47fc00a2c39e90264f33305004495a9",
    "hash": "9c8561a08431298cdc7710182daf54bb3ba48569"
  },
  "C:\\Users\\muham\\OneDrive\\Belgeler\\Kitaplik\\Kitaplik_App\\utils\\fetchWithTimeout.ts": {
    "path": "C:\\Users\\muham\\OneDrive\\Belgeler\\Kitaplik\\Kitaplik_App\\utils\\fetchWithTimeout.ts",
    "statementMap": {
      "0": {
        "start": { "line": 6, "column": 27 },
        "end": { "line": 6, "column": 32 }
      },
      "1": {
        "start": { "line": 24, "column": 25 },
        "end": { "line": 24, "column": 39 }
      },
      "2": {
        "start": { "line": 26, "column": 21 },
        "end": { "line": 26, "column": 42 }
      },
      "3": {
        "start": { "line": 27, "column": 20 },
        "end": { "line": 27, "column": 65 }
      },
      "4": {
        "start": { "line": 27, "column": 37 },
        "end": { "line": 27, "column": 55 }
      },
      "5": {
        "start": { "line": 31, "column": 4 },
        "end": { "line": 31, "column": 23 }
      },
      "6": {
        "start": { "line": 32, "column": 4 },
        "end": { "line": 32, "column": 28 }
      },
      "7": {
        "start": { "line": 36, "column": 2 },
        "end": { "line": 42, "column": 3 }
      },
      "8": {
        "start": { "line": 37, "column": 4 },
        "end": { "line": 41, "column": 5 }
      },
      "9": {
        "start": { "line": 38, "column": 6 },
        "end": { "line": 38, "column": 16 }
      },
      "10": {
        "start": { "line": 40, "column": 6 },
        "end": { "line": 40, "column": 56 }
      },
      "11": {
        "start": { "line": 44, "column": 2 },
        "end": { "line": 56, "column": 3 }
      },
      "12": {
        "start": { "line": 45, "column": 21 },
        "end": { "line": 48, "column": 6 }
      },
      "13": {
        "start": { "line": 49, "column": 4 },
        "end": { "line": 49, "column": 20 }
      },
      "14": {
        "start": { "line": 51, "column": 4 },
        "end": { "line": 51, "column": 28 }
      },
      "15": {
        "start": { "line": 53, "column": 4 },
        "end": { "line": 55, "column": 5 }
      },
      "16": {
        "start": { "line": 54, "column": 6 },
        "end": { "line": 54, "column": 59 }
      },
      "17": {
        "start": { "line": 63, "column": 2 },
        "end": { "line": 63, "column": 63 }
      }
    },
    "fnMap": {
      "0": {
        "name": "fetchWithTimeout",
        "decl": {
          "start": { "line": 18, "column": 22 },
          "end": { "line": 18, "column": 38 }
        },
        "loc": {
          "start": { "line": 22, "column": 21 },
          "end": { "line": 57, "column": 1 }
        },
        "line": 22
      },
      "1": {
        "name": "(anonymous_1)",
        "decl": {
          "start": { "line": 27, "column": 31 },
          "end": { "line": 27, "column": 32 }
        },
        "loc": {
          "start": { "line": 27, "column": 37 },
          "end": { "line": 27, "column": 55 }
        },
        "line": 27
      },
      "2": {
        "name": "onAbort",
        "decl": {
          "start": { "line": 30, "column": 11 },
          "end": { "line": 30, "column": 18 }
        },
        "loc": {
          "start": { "line": 30, "column": 21 },
          "end": { "line": 33, "column": 3 }
        },
        "line": 30
      },
      "3": {
        "name": "isTimeoutError",
        "decl": {
          "start": { "line": 62, "column": 16 },
          "end": { "line": 62, "column": 30 }
        },
        "loc": {
          "start": { "line": 62, "column": 56 },
          "end": { "line": 64, "column": 1 }
        },
        "line": 62
      }
    },
    "branchMap": {
      "0": {
        "loc": {
          "start": { "line": 20, "column": 2 },
          "end": { "line": 20, "column": 27 }
        },
        "type": "default-arg",
        "locations": [
          {
            "start": { "line": 20, "column": 25 },
            "end": { "line": 20, "column": 27 }
          }
        ],
        "line": 20
      },
      "1": {
        "loc": {
          "start": { "line": 21, "column": 2 },
          "end": { "line": 21, "column": 38 }
        },
        "type": "default-arg",
        "locations": [
          {
            "start": { "line": 21, "column": 20 },
            "end": { "line": 21, "column": 38 }
          }
        ],
        "line": 21
      },
      "2": {
        "loc": {
          "start": { "line": 36, "column": 2 },
          "end": { "line": 42, "column": 3 }
        },
        "type": "if",
        "locations": [
          {
            "start": { "line": 36, "column": 2 },
            "end": { "line": 42, "column": 3 }
          },
          { "start": {}, "end": {} }
        ],
        "line": 36
      },
      "3": {
        "loc": {
          "start": { "line": 37, "column": 4 },
          "end": { "line": 41, "column": 5 }
        },
        "type": "if",
        "locations": [
          {
            "start": { "line": 37, "column": 4 },
            "end": { "line": 41, "column": 5 }
          },
          {
            "start": { "line": 39, "column": 11 },
            "end": { "line": 41, "column": 5 }
          }
        ],
        "line": 37
      },
      "4": {
        "loc": {
          "start": { "line": 53, "column": 4 },
          "end": { "line": 55, "column": 5 }
        },
        "type": "if",
        "locations": [
          {
            "start": { "line": 53, "column": 4 },
            "end": { "line": 55, "column": 5 }
          },
          { "start": {}, "end": {} }
        ],
        "line": 53
      },
      "5": {
        "loc": {
          "start": { "line": 53, "column": 8 },
          "end": { "line": 53, "column": 49 }
        },
        "type": "binary-expr",
        "locations": [
          {
            "start": { "line": 53, "column": 8 },
            "end": { "line": 53, "column": 22 }
          },
          {
            "start": { "line": 53, "column": 26 },
            "end": { "line": 53, "column": 49 }
          }
        ],
        "line": 53
      },
      "6": {
        "loc": {
          "start": { "line": 63, "column": 9 },
          "end": { "line": 63, "column": 62 }
        },
        "type": "binary-expr",
        "locations": [
          {
            "start": { "line": 63, "column": 9 },
            "end": { "line": 63, "column": 31 }
          },
          {
            "start": { "line": 63, "column": 35 },
            "end": { "line": 63, "column": 62 }
          }
        ],
        "line": 63
      }
    },
    "s": {
      "0": 2,
      "1": 13,
      "2": 13,
      "3": 13,
      "4": 0,
      "5": 0,
      "6": 0,
      "7": 13,
      "8": 4,
      "9": 0,
      "10": 4,
      "11": 13,
      "12": 13,
      "13": 12,
      "14": 13,
      "15": 13,
      "16": 4,
      "17": 6
    },
    "f": { "0": 13, "1": 0, "2": 0, "3": 6 },
    "b": {
      "0": [5],
      "1": [10],
      "2": [4, 9],
      "3": [0, 4],
      "4": [4, 9],
      "5": [13, 4],
      "6": [6, 4]
    },
    "_coverageSchema": "1a1c01bbd47fc00a2c39e90264f33305004495a9",
    "hash": "44e6dc751b590ef2671647afe8c10140035eadef"
  },
  "C:\\Users\\muham\\OneDrive\\Belgeler\\Kitaplik\\Kitaplik_App\\utils\\isbnConverter.ts": {
    "path": "C:\\Users\\muham\\OneDrive\\Belgeler\\Kitaplik\\Kitaplik_App\\utils\\isbnConverter.ts",
    "statementMap": {
      "0": {
        "start": { "line": 12, "column": 2 },
        "end": { "line": 12, "column": 39 }
      },
      "1": {
        "start": { "line": 19, "column": 21 },
        "end": { "line": 19, "column": 40 }
      },
      "2": {
        "start": { "line": 20, "column": 2 },
        "end": { "line": 20, "column": 41 }
      },
      "3": {
        "start": { "line": 27, "column": 21 },
        "end": { "line": 27, "column": 40 }
      },
      "4": {
        "start": { "line": 28, "column": 2 },
        "end": { "line": 28, "column": 37 }
      },
      "5": {
        "start": { "line": 35, "column": 2 },
        "end": { "line": 35, "column": 34 }
      },
      "6": {
        "start": { "line": 35, "column": 23 },
        "end": { "line": 35, "column": 34 }
      },
      "7": {
        "start": { "line": 36, "column": 16 },
        "end": { "line": 36, "column": 30 }
      },
      "8": {
        "start": { "line": 37, "column": 2 },
        "end": { "line": 37, "column": 44 }
      },
      "9": {
        "start": { "line": 52, "column": 21 },
        "end": { "line": 52, "column": 42 }
      },
      "10": {
        "start": { "line": 55, "column": 2 },
        "end": { "line": 57, "column": 3 }
      },
      "11": {
        "start": { "line": 56, "column": 4 },
        "end": { "line": 56, "column": 16 }
      },
      "12": {
        "start": { "line": 60, "column": 17 },
        "end": { "line": 60, "column": 39 }
      },
      "13": {
        "start": { "line": 63, "column": 17 },
        "end": { "line": 63, "column": 31 }
      },
      "14": {
        "start": { "line": 66, "column": 12 },
        "end": { "line": 66, "column": 13 }
      },
      "15": {
        "start": { "line": 67, "column": 2 },
        "end": { "line": 70, "column": 3 }
      },
      "16": {
        "start": { "line": 67, "column": 15 },
        "end": { "line": 67, "column": 16 }
      },
      "17": {
        "start": { "line": 68, "column": 18 },
        "end": { "line": 68, "column": 48 }
      },
      "18": {
        "start": { "line": 69, "column": 4 },
        "end": { "line": 69, "column": 41 }
      },
      "19": {
        "start": { "line": 72, "column": 21 },
        "end": { "line": 72, "column": 43 }
      },
      "20": {
        "start": { "line": 74, "column": 2 },
        "end": { "line": 74, "column": 29 }
      },
      "21": {
        "start": { "line": 87, "column": 21 },
        "end": { "line": 87, "column": 42 }
      },
      "22": {
        "start": { "line": 90, "column": 2 },
        "end": { "line": 92, "column": 3 }
      },
      "23": {
        "start": { "line": 91, "column": 4 },
        "end": { "line": 91, "column": 16 }
      },
      "24": {
        "start": { "line": 95, "column": 2 },
        "end": { "line": 97, "column": 3 }
      },
      "25": {
        "start": { "line": 96, "column": 4 },
        "end": { "line": 96, "column": 16 }
      },
      "26": {
        "start": { "line": 100, "column": 17 },
        "end": { "line": 100, "column": 40 }
      },
      "27": {
        "start": { "line": 103, "column": 12 },
        "end": { "line": 103, "column": 13 }
      },
      "28": {
        "start": { "line": 104, "column": 2 },
        "end": { "line": 106, "column": 3 }
      },
      "29": {
        "start": { "line": 104, "column": 15 },
        "end": { "line": 104, "column": 16 }
      },
      "30": {
        "start": { "line": 105, "column": 4 },
        "end": { "line": 105, "column": 53 }
      },
      "31": {
        "start": { "line": 108, "column": 20 },
        "end": { "line": 108, "column": 28 }
      },
      "32": {
        "start": { "line": 109, "column": 21 },
        "end": { "line": 109, "column": 57 }
      },
      "33": {
        "start": { "line": 111, "column": 2 },
        "end": { "line": 111, "column": 29 }
      }
    },
    "fnMap": {
      "0": {
        "name": "normalizeISBN",
        "decl": {
          "start": { "line": 11, "column": 16 },
          "end": { "line": 11, "column": 29 }
        },
        "loc": {
          "start": { "line": 11, "column": 52 },
          "end": { "line": 13, "column": 1 }
        },
        "line": 11
      },
      "1": {
        "name": "isValidISBN10",
        "decl": {
          "start": { "line": 18, "column": 9 },
          "end": { "line": 18, "column": 22 }
        },
        "loc": {
          "start": { "line": 18, "column": 46 },
          "end": { "line": 21, "column": 1 }
        },
        "line": 18
      },
      "2": {
        "name": "isValidISBN13",
        "decl": {
          "start": { "line": 26, "column": 9 },
          "end": { "line": 26, "column": 22 }
        },
        "loc": {
          "start": { "line": 26, "column": 46 },
          "end": { "line": 29, "column": 1 }
        },
        "line": 26
      },
      "3": {
        "name": "calculateISBN10CheckDigit",
        "decl": {
          "start": { "line": 34, "column": 9 },
          "end": { "line": 34, "column": 34 }
        },
        "loc": {
          "start": { "line": 34, "column": 62 },
          "end": { "line": 38, "column": 1 }
        },
        "line": 34
      },
      "4": {
        "name": "convertISBN10ToISBN13",
        "decl": {
          "start": { "line": 51, "column": 16 },
          "end": { "line": 51, "column": 37 }
        },
        "loc": {
          "start": { "line": 51, "column": 69 },
          "end": { "line": 75, "column": 1 }
        },
        "line": 51
      },
      "5": {
        "name": "convertISBN13ToISBN10",
        "decl": {
          "start": { "line": 86, "column": 16 },
          "end": { "line": 86, "column": 37 }
        },
        "loc": {
          "start": { "line": 86, "column": 69 },
          "end": { "line": 112, "column": 1 }
        },
        "line": 86
      }
    },
    "branchMap": {
      "0": {
        "loc": {
          "start": { "line": 35, "column": 2 },
          "end": { "line": 35, "column": 34 }
        },
        "type": "if",
        "locations": [
          {
            "start": { "line": 35, "column": 2 },
            "end": { "line": 35, "column": 34 }
          },
          { "start": {}, "end": {} }
        ],
        "line": 35
      },
      "1": {
        "loc": {
          "start": { "line": 37, "column": 9 },
          "end": { "line": 37, "column": 43 }
        },
        "type": "cond-expr",
        "locations": [
          {
            "start": { "line": 37, "column": 24 },
            "end": { "line": 37, "column": 27 }
          },
          {
            "start": { "line": 37, "column": 30 },
            "end": { "line": 37, "column": 43 }
          }
        ],
        "line": 37
      },
      "2": {
        "loc": {
          "start": { "line": 55, "column": 2 },
          "end": { "line": 57, "column": 3 }
        },
        "type": "if",
        "locations": [
          {
            "start": { "line": 55, "column": 2 },
            "end": { "line": 57, "column": 3 }
          },
          { "start": {}, "end": {} }
        ],
        "line": 55
      },
      "3": {
        "loc": {
          "start": { "line": 69, "column": 20 },
          "end": { "line": 69, "column": 39 }
        },
        "type": "cond-expr",
        "locations": [
          {
            "start": { "line": 69, "column": 34 },
            "end": { "line": 69, "column": 35 }
          },
          {
            "start": { "line": 69, "column": 38 },
            "end": { "line": 69, "column": 39 }
          }
        ],
        "line": 69
      },
      "4": {
        "loc": {
          "start": { "line": 90, "column": 2 },
          "end": { "line": 92, "column": 3 }
        },
        "type": "if",
        "locations": [
          {
            "start": { "line": 90, "column": 2 },
            "end": { "line": 92, "column": 3 }
          },
          { "start": {}, "end": {} }
        ],
        "line": 90
      },
      "5": {
        "loc": {
          "start": { "line": 95, "column": 2 },
          "end": { "line": 97, "column": 3 }
        },
        "type": "if",
        "locations": [
          {
            "start": { "line": 95, "column": 2 },
            "end": { "line": 97, "column": 3 }
          },
          { "start": {}, "end": {} }
        ],
        "line": 95
      }
    },
    "s": {
      "0": 34,
      "1": 8,
      "2": 8,
      "3": 6,
      "4": 6,
      "5": 2,
      "6": 0,
      "7": 2,
      "8": 2,
      "9": 8,
      "10": 8,
      "11": 4,
      "12": 4,
      "13": 4,
      "14": 4,
      "15": 4,
      "16": 4,
      "17": 48,
      "18": 48,
      "19": 4,
      "20": 4,
      "21": 6,
      "22": 6,
      "23": 3,
      "24": 3,
      "25": 1,
      "26": 2,
      "27": 2,
      "28": 2,
      "29": 2,
      "30": 18,
      "31": 2,
      "32": 2,
      "33": 2
    },
    "f": { "0": 34, "1": 8, "2": 6, "3": 2, "4": 8, "5": 6 },
    "b": {
      "0": [0, 2],
      "1": [0, 2],
      "2": [4, 4],
      "3": [24, 24],
      "4": [3, 3],
      "5": [1, 2]
    },
    "_coverageSchema": "1a1c01bbd47fc00a2c39e90264f33305004495a9",
    "hash": "375bba7e365c95840389ece42d913f0076d16a4f"
  },
  "C:\\Users\\muham\\OneDrive\\Belgeler\\Kitaplik\\Kitaplik_App\\utils\\stringUtils.ts": {
    "path": "C:\\Users\\muham\\OneDrive\\Belgeler\\Kitaplik\\Kitaplik_App\\utils\\stringUtils.ts",
    "statementMap": {
      "0": {
        "start": { "line": 7, "column": 2 },
        "end": { "line": 7, "column": 23 }
      },
      "1": {
        "start": { "line": 7, "column": 13 },
        "end": { "line": 7, "column": 23 }
      },
      "2": {
        "start": { "line": 8, "column": 2 },
        "end": { "line": 17, "column": 26 }
      }
    },
    "fnMap": {
      "0": {
        "name": "normalizeForMatching",
        "decl": {
          "start": { "line": 6, "column": 16 },
          "end": { "line": 6, "column": 36 }
        },
        "loc": {
          "start": { "line": 6, "column": 59 },
          "end": { "line": 18, "column": 1 }
        },
        "line": 6
      }
    },
    "branchMap": {
      "0": {
        "loc": {
          "start": { "line": 7, "column": 2 },
          "end": { "line": 7, "column": 23 }
        },
        "type": "if",
        "locations": [
          {
            "start": { "line": 7, "column": 2 },
            "end": { "line": 7, "column": 23 }
          },
          { "start": {}, "end": {} }
        ],
        "line": 7
      }
    },
    "s": { "0": 46, "1": 5, "2": 41 },
    "f": { "0": 46 },
    "b": { "0": [5, 41] },
    "_coverageSchema": "1a1c01bbd47fc00a2c39e90264f33305004495a9",
    "hash": "64b53d7a9a9ea98ba1439406fb3317f171f0f1c8"
  }
}
