TN:
SF:app\(tabs)\settings.tsx
FN:45,SettingsScreen
FN:54,(anonymous_1)
FN:74,(anonymous_2)
FN:83,(anonymous_3)
FN:91,(anonymous_4)
FN:107,(anonymous_5)
FN:108,(anonymous_6)
FN:120,(anonymous_7)
FN:121,(anonymous_8)
FN:135,(anonymous_9)
FN:147,(anonymous_10)
FN:148,(anonymous_11)
FN:168,(anonymous_12)
FN:176,(anonymous_13)
FN:182,(anonymous_14)
FN:264,(anonymous_15)
FN:313,(anonymous_16)
FN:342,(anonymous_17)
FN:371,(anonymous_18)
FN:400,(anonymous_19)
FN:429,(anonymous_20)
FN:458,(anonymous_21)
FN:489,(anonymous_22)
FN:516,(anonymous_23)
FN:683,(anonymous_24)
FN:708,(anonymous_25)
FN:745,(anonymous_26)
FN:760,(anonymous_27)
FNF:28
FNH:2
FNDA:3,SettingsScreen
FNDA:1,(anonymous_1)
FNDA:0,(anonymous_2)
FNDA:0,(anonymous_3)
FNDA:0,(anonymous_4)
FNDA:0,(anonymous_5)
FNDA:0,(anonymous_6)
FNDA:0,(anonymous_7)
FNDA:0,(anonymous_8)
FNDA:0,(anonymous_9)
FNDA:0,(anonymous_10)
FNDA:0,(anonymous_11)
FNDA:0,(anonymous_12)
FNDA:0,(anonymous_13)
FNDA:0,(anonymous_14)
FNDA:0,(anonymous_15)
FNDA:0,(anonymous_16)
FNDA:0,(anonymous_17)
FNDA:0,(anonymous_18)
FNDA:0,(anonymous_19)
FNDA:0,(anonymous_20)
FNDA:0,(anonymous_21)
FNDA:0,(anonymous_22)
FNDA:0,(anonymous_23)
FNDA:0,(anonymous_24)
FNDA:0,(anonymous_25)
FNDA:0,(anonymous_26)
FNDA:0,(anonymous_27)
DA:46,3
DA:47,3
DA:48,3
DA:49,3
DA:50,3
DA:51,3
DA:52,3
DA:54,3
DA:55,1
DA:56,1
DA:64,1
DA:66,1
DA:67,1
DA:68,1
DA:70,0
DA:74,3
DA:75,0
DA:84,0
DA:91,3
DA:92,0
DA:93,0
DA:94,0
DA:97,0
DA:108,0
DA:109,0
DA:110,0
DA:111,0
DA:113,0
DA:121,0
DA:122,0
DA:123,0
DA:124,0
DA:126,0
DA:135,3
DA:136,0
DA:137,0
DA:138,0
DA:139,0
DA:140,0
DA:148,0
DA:149,0
DA:150,0
DA:161,0
DA:162,0
DA:164,0
DA:168,3
DA:169,0
DA:177,0
DA:183,0
DA:190,3
DA:264,0
DA:314,0
DA:343,0
DA:372,0
DA:401,0
DA:430,0
DA:459,0
DA:489,0
DA:517,0
DA:683,0
DA:709,0
DA:745,0
DA:760,0
LF:63
LH:19
BRDA:67,0,0,1
BRDA:67,0,1,0
BRDA:92,1,0,0
BRDA:92,1,1,0
BRDA:139,2,0,0
BRDA:139,2,1,0
BRDA:236,3,0,0
BRDA:236,3,1,3
BRDA:252,4,0,0
BRDA:252,4,1,3
BRDA:264,5,0,0
BRDA:264,5,1,0
BRDA:285,6,0,3
BRDA:285,6,1,0
BRDA:317,7,0,0
BRDA:317,7,1,3
BRDA:346,8,0,0
BRDA:346,8,1,3
BRDA:375,9,0,0
BRDA:375,9,1,3
BRDA:404,10,0,0
BRDA:404,10,1,3
BRDA:433,11,0,0
BRDA:433,11,1,3
BRDA:463,12,0,0
BRDA:463,12,1,3
BRDA:491,13,0,0
BRDA:491,13,1,3
BRDA:521,14,0,0
BRDA:521,14,1,3
BRDA:731,15,0,3
BRDA:731,15,1,0
BRF:32
BRH:13
end_of_record
TN:
SF:components\BookCard.tsx
FN:31,(anonymous_0)
FN:121,(anonymous_1)
FN:231,BookCard
FNF:3
FNH:2
FNDA:0,(anonymous_0)
FNDA:5,(anonymous_1)
FNDA:5,BookCard
DA:31,1
DA:42,0
DA:44,0
DA:48,0
DA:59,0
DA:60,0
DA:66,0
DA:68,0
DA:70,0
DA:74,0
DA:75,0
DA:76,0
DA:84,0
DA:88,0
DA:121,1
DA:137,5
DA:139,5
DA:145,5
DA:157,5
DA:167,5
DA:168,5
DA:169,5
DA:170,5
DA:178,5
DA:187,5
DA:231,1
DA:241,5
DA:255,5
DA:269,5
DA:283,5
DA:290,5
DA:291,5
DA:292,5
DA:296,5
LF:34
LH:21
BRDA:46,0,0,0
BRDA:46,0,1,0
BRDA:61,1,0,0
BRDA:61,1,1,0
BRDA:78,2,0,0
BRDA:78,2,1,0
BRDA:88,3,0,0
BRDA:88,3,1,0
BRDA:93,4,0,0
BRDA:93,4,1,0
BRDA:108,5,0,0
BRDA:108,5,1,0
BRDA:134,6,0,5
BRDA:134,6,1,0
BRDA:141,7,0,0
BRDA:141,7,1,5
BRDA:159,8,0,5
BRDA:159,8,1,0
BRDA:172,9,0,0
BRDA:172,9,1,5
BRDA:187,10,0,5
BRDA:187,10,1,5
BRDA:192,11,0,0
BRDA:192,11,1,5
BRDA:210,12,0,0
BRDA:210,12,1,5
BRDA:217,13,0,5
BRDA:217,13,1,5
BRDA:233,14,0,5
BRDA:233,14,1,0
BRDA:236,15,0,5
BRDA:236,15,1,0
BRDA:248,16,0,5
BRDA:248,16,1,0
BRDA:248,17,0,5
BRDA:248,17,1,5
BRDA:250,18,0,0
BRDA:250,18,1,0
BRDA:296,19,0,0
BRDA:296,19,1,5
BRF:40
BRH:16
end_of_record
TN:
SF:components\CollapsibleSection.tsx
FN:38,_temp
FNF:1
FNH:1
FNDA:2,_temp
DA:16,2
DA:22,0
DA:23,0
DA:38,2
DA:49,13
DA:55,15
DA:57,15
DA:63,15
DA:64,15
DA:66,13
DA:67,13
DA:75,13
DA:77,13
DA:84,15
DA:85,15
DA:89,13
DA:94,15
LF:17
LH:15
BRDA:16,0,0,0
BRDA:16,0,1,2
BRDA:17,1,0,2
BRDA:17,1,1,0
BRDA:22,2,0,0
BRDA:22,2,1,0
BRDA:42,3,0,3
BRDA:42,3,1,12
BRDA:62,4,0,5
BRDA:62,4,1,10
BRDA:67,5,0,13
BRDA:67,5,1,4
BRDA:86,6,0,5
BRDA:86,6,1,10
BRDA:94,7,0,15
BRDA:94,7,1,5
BRF:16
BRH:12
end_of_record
TN:
SF:components\ProfileModal.tsx
FN:23,LoggedInView
FN:85,GuestView
FN:154,ProfileModal
FNF:3
FNH:3
FNDA:2,LoggedInView
FNDA:5,GuestView
FNDA:8,ProfileModal
DA:36,2
DA:37,2
DA:43,2
DA:44,2
DA:49,2
DA:52,2
DA:53,2
DA:56,2
DA:58,2
DA:59,2
DA:64,2
DA:68,2
DA:69,2
DA:75,2
DA:76,2
DA:77,2
DA:99,5
DA:100,3
DA:103,3
DA:104,3
DA:109,5
DA:111,3
DA:112,3
DA:117,5
DA:120,5
DA:121,3
DA:128,5
DA:129,3
DA:133,5
DA:140,5
DA:144,3
DA:145,3
DA:146,5
DA:163,8
DA:172,6
DA:178,8
DA:184,8
DA:186,6
DA:192,6
DA:195,6
DA:196,6
DA:201,6
DA:202,6
DA:207,8
DA:209,6
DA:212,8
DA:215,6
DA:220,8
LF:48
LH:48
BRDA:38,0,0,2
BRDA:38,0,1,0
BRDA:46,1,0,0
BRDA:46,1,1,2
BRDA:49,2,0,2
BRDA:49,2,1,0
BRDA:61,3,0,0
BRDA:61,3,1,2
BRDA:106,4,0,0
BRDA:106,4,1,5
BRDA:114,5,0,0
BRDA:114,5,1,5
BRDA:123,6,0,0
BRDA:123,6,1,5
BRDA:131,7,0,0
BRDA:131,7,1,5
BRDA:134,8,0,0
BRDA:134,8,1,5
BRDA:188,9,0,0
BRDA:188,9,1,8
BRDA:192,10,0,0
BRDA:192,10,1,6
BRDA:198,11,0,0
BRDA:198,11,1,8
BRDA:204,12,0,0
BRDA:204,12,1,8
BRDA:215,13,0,0
BRDA:215,13,1,8
BRDA:221,14,0,2
BRDA:221,14,1,6
BRF:30
BRH:16
end_of_record
TN:
SF:context\BooksContext.tsx
FN:112,BooksProvider
FN:119,(anonymous_1)
FN:120,(anonymous_2)
FN:143,(anonymous_3)
FN:146,(anonymous_4)
FN:154,(anonymous_5)
FN:161,(anonymous_6)
FN:167,(anonymous_7)
FN:185,(anonymous_8)
FN:193,(anonymous_9)
FN:195,(anonymous_10)
FN:198,(anonymous_11)
FN:199,(anonymous_12)
FN:225,(anonymous_13)
FN:239,(anonymous_14)
FN:240,(anonymous_15)
FN:241,(anonymous_16)
FN:252,(anonymous_17)
FN:253,(anonymous_18)
FN:254,(anonymous_19)
FN:300,(anonymous_20)
FN:317,(anonymous_21)
FN:318,(anonymous_22)
FN:318,(anonymous_23)
FN:323,(anonymous_24)
FN:324,(anonymous_25)
FN:330,(anonymous_26)
FN:345,(anonymous_27)
FN:361,(anonymous_28)
FN:394,useBooks
FNF:30
FNH:10
FNDA:16,BooksProvider
FNDA:5,(anonymous_1)
FNDA:5,(anonymous_2)
FNDA:16,(anonymous_3)
FNDA:0,(anonymous_4)
FNDA:11,(anonymous_5)
FNDA:9,(anonymous_6)
FNDA:28,(anonymous_7)
FNDA:6,(anonymous_8)
FNDA:0,(anonymous_9)
FNDA:0,(anonymous_10)
FNDA:0,(anonymous_11)
FNDA:0,(anonymous_12)
FNDA:0,(anonymous_13)
FNDA:0,(anonymous_14)
FNDA:0,(anonymous_15)
FNDA:0,(anonymous_16)
FNDA:0,(anonymous_17)
FNDA:0,(anonymous_18)
FNDA:0,(anonymous_19)
FNDA:0,(anonymous_20)
FNDA:0,(anonymous_21)
FNDA:0,(anonymous_22)
FNDA:0,(anonymous_23)
FNDA:0,(anonymous_24)
FNDA:0,(anonymous_25)
FNDA:0,(anonymous_26)
FNDA:0,(anonymous_27)
FNDA:16,(anonymous_28)
FNDA:16,useBooks
DA:52,1
DA:54,1
DA:57,1
DA:115,16
DA:116,16
DA:119,16
DA:120,5
DA:121,5
DA:123,5
DA:124,5
DA:125,0
DA:128,5
DA:129,5
DA:132,0
DA:133,0
DA:135,5
DA:139,5
DA:143,16
DA:144,16
DA:146,11
DA:147,0
DA:148,0
DA:150,0
DA:154,11
DA:155,11
DA:160,16
DA:163,9
DA:164,9
DA:166,9
DA:168,28
DA:172,9
DA:173,3
DA:177,3
DA:180,6
DA:185,6
DA:186,6
DA:192,16
DA:195,0
DA:196,0
DA:198,0
DA:199,0
DA:200,0
DA:201,0
DA:203,0
DA:204,0
DA:205,0
DA:206,0
DA:207,0
DA:208,0
DA:210,0
DA:212,0
DA:217,0
DA:218,0
DA:225,16
DA:226,0
DA:227,0
DA:230,0
DA:231,0
DA:239,16
DA:240,0
DA:241,0
DA:242,0
DA:243,0
DA:245,0
DA:251,16
DA:253,0
DA:254,0
DA:255,0
DA:256,0
DA:257,0
DA:260,0
DA:261,0
DA:262,0
DA:265,0
DA:266,0
DA:267,0
DA:268,0
DA:269,0
DA:270,0
DA:271,0
DA:272,0
DA:273,0
DA:277,0
DA:278,0
DA:284,0
DA:292,0
DA:300,16
DA:304,0
DA:305,0
DA:308,0
DA:309,0
DA:317,16
DA:318,0
DA:322,16
DA:324,0
DA:330,16
DA:331,0
DA:332,0
DA:333,0
DA:334,0
DA:339,0
DA:340,0
DA:345,16
DA:346,0
DA:347,0
DA:349,0
DA:354,0
DA:355,0
DA:360,16
DA:361,16
DA:387,16
LF:111
LH:42
BRDA:124,0,0,0
BRDA:124,0,1,5
BRDA:144,1,0,5
BRDA:144,1,1,11
BRDA:168,2,0,28
BRDA:168,2,1,4
BRDA:172,3,0,3
BRDA:172,3,1,6
BRDA:200,4,0,0
BRDA:200,4,1,0
BRDA:203,5,0,0
BRDA:203,5,1,0
BRDA:205,6,0,0
BRDA:205,6,1,0
BRDA:206,7,0,0
BRDA:206,7,1,0
BRDA:217,8,0,0
BRDA:217,8,1,0
BRDA:217,9,0,0
BRDA:217,9,1,0
BRDA:217,9,2,0
BRDA:230,10,0,0
BRDA:230,10,1,0
BRDA:242,11,0,0
BRDA:242,11,1,0
BRDA:255,12,0,0
BRDA:255,12,1,0
BRDA:256,13,0,0
BRDA:256,13,1,0
BRDA:260,14,0,0
BRDA:260,14,1,0
BRDA:265,15,0,0
BRDA:265,15,1,0
BRDA:265,16,0,0
BRDA:265,16,1,0
BRDA:268,17,0,0
BRDA:268,17,1,0
BRDA:268,18,0,0
BRDA:268,18,1,0
BRDA:271,19,0,0
BRDA:271,19,1,0
BRDA:271,20,0,0
BRDA:271,20,1,0
BRDA:277,21,0,0
BRDA:277,21,1,0
BRDA:308,22,0,0
BRDA:308,22,1,0
BRF:47
BRH:7
end_of_record
TN:
SF:hooks\useBackup.ts
FN:37,useBackup
FN:46,(anonymous_1)
FN:58,(anonymous_2)
FN:70,(anonymous_3)
FNF:4
FNH:4
FNDA:13,useBackup
FNDA:2,(anonymous_1)
FNDA:1,(anonymous_2)
FNDA:3,(anonymous_3)
DA:38,13
DA:40,13
DA:41,13
DA:46,13
DA:47,2
DA:48,2
DA:49,2
DA:51,2
DA:58,13
DA:59,1
DA:60,1
DA:61,1
DA:63,1
DA:70,13
DA:71,3
DA:72,3
DA:73,3
DA:74,3
DA:75,1
DA:78,3
DA:82,13
LF:21
LH:21
BRDA:74,0,0,1
BRDA:74,0,1,2
BRF:2
BRH:2
end_of_record
TN:
SF:hooks\useDebounce.ts
FN:30,useDebounce
FNF:1
FNH:1
FNDA:64,useDebounce
DA:36,39
DA:46,39
DA:48,29
LF:3
LH:3
BRDA:32,0,0,3
BRDA:32,0,1,61
BRF:2
BRH:2
end_of_record
TN:
SF:hooks\book\useBookDetails.ts
FN:52,useBookDetails
FNF:1
FNH:1
FNDA:28,useBookDetails
DA:62,12
DA:76,12
DA:82,12
DA:88,13
DA:89,15
DA:96,12
DA:107,12
DA:119,12
DA:131,12
DA:136,28
LF:10
LH:10
BRDA:78,0,0,11
BRDA:78,0,1,0
BRDA:79,1,0,11
BRDA:79,1,1,0
BRDA:80,2,0,11
BRDA:80,2,1,1
BRF:6
BRH:4
end_of_record
TN:
SF:hooks\book\useBookSearch.ts
FN:65,useBookSearch
FN:81,(anonymous_1)
FN:123,(anonymous_2)
FN:132,(anonymous_3)
FN:141,(anonymous_4)
FN:148,(anonymous_5)
FNF:6
FNH:6
FNDA:42,useBookSearch
FNDA:7,(anonymous_1)
FNDA:17,(anonymous_2)
FNDA:6,(anonymous_3)
FNDA:1,(anonymous_4)
FNDA:1,(anonymous_5)
DA:67,42
DA:68,42
DA:69,42
DA:70,42
DA:71,42
DA:72,42
DA:75,42
DA:80,42
DA:83,7
DA:84,0
DA:85,0
DA:88,7
DA:89,7
DA:90,7
DA:92,7
DA:93,7
DA:100,6
DA:101,6
DA:105,1
DA:106,1
DA:107,1
DA:108,1
DA:112,7
DA:113,7
DA:123,42
DA:124,17
DA:126,6
DA:127,6
DA:129,6
DA:132,6
DA:133,6
DA:141,42
DA:142,1
DA:148,42
DA:149,1
DA:150,1
DA:151,1
DA:152,1
DA:153,1
DA:156,42
LF:40
LH:38
BRDA:65,0,0,42
BRDA:83,1,0,0
BRDA:83,1,1,7
BRDA:100,2,0,6
BRDA:100,2,1,0
BRDA:105,3,0,1
BRDA:105,3,1,0
BRDA:105,4,0,1
BRDA:105,4,1,1
BRDA:112,5,0,7
BRDA:112,5,1,0
BRDA:124,6,0,6
BRDA:124,6,1,11
BRF:13
BRH:9
end_of_record
TN:
SF:hooks\book\useRecommendation.ts
FN:40,useRecommendation
FN:51,(anonymous_1)
FN:72,(anonymous_2)
FNF:3
FNH:3
FNDA:14,useRecommendation
FNDA:7,(anonymous_1)
FNDA:6,(anonymous_2)
DA:41,14
DA:43,14
DA:44,14
DA:45,14
DA:46,14
DA:51,14
DA:53,7
DA:54,7
DA:56,7
DA:57,7
DA:59,7
DA:61,7
DA:63,7
DA:64,4
DA:65,4
DA:66,4
DA:67,4
DA:71,3
DA:72,6
DA:75,3
DA:82,2
DA:83,2
DA:84,2
DA:85,2
DA:87,0
DA:88,0
DA:93,1
DA:94,1
DA:95,1
DA:96,1
DA:100,7
DA:101,7
DA:106,14
LF:33
LH:31
BRDA:63,0,0,4
BRDA:63,0,1,3
BRDA:82,1,0,2
BRDA:82,1,1,0
BRDA:83,2,0,2
BRDA:83,2,1,0
BRDA:93,3,0,1
BRDA:93,3,1,0
BRDA:93,4,0,1
BRDA:93,4,1,1
BRDA:100,5,0,7
BRDA:100,5,1,0
BRF:12
BRH:8
end_of_record
TN:
SF:services\BookMergeService.ts
FN:23,extractISBN13
FN:29,(anonymous_1)
FN:33,(anonymous_2)
FN:45,mergeCategories
FN:55,(anonymous_4)
FN:73,mergeBooks
FN:129,getUniqueKey
FN:160,mergeSearchResults
FN:168,(anonymous_8)
FN:176,(anonymous_9)
FN:208,mergeIsbnResults
FN:239,(anonymous_11)
FNF:12
FNH:12
FNDA:381,extractISBN13
FNDA:373,(anonymous_1)
FNDA:1,(anonymous_2)
FNDA:75,mergeCategories
FNDA:134,(anonymous_4)
FNDA:66,mergeBooks
FNDA:366,getUniqueKey
FNDA:15,mergeSearchResults
FNDA:210,(anonymous_8)
FNDA:156,(anonymous_9)
FNDA:12,mergeIsbnResults
FNDA:2,(anonymous_11)
DA:26,381
DA:29,373
DA:30,373
DA:33,1
DA:34,1
DA:35,1
DA:38,0
DA:49,75
DA:51,75
DA:54,63
DA:55,63
DA:56,134
DA:57,134
DA:58,130
DA:62,63
DA:78,66
DA:79,1
DA:83,65
DA:85,1
DA:88,64
DA:89,1
DA:93,63
DA:94,63
DA:96,63
DA:123,63
DA:131,366
DA:132,366
DA:133,0
DA:136,366
DA:137,366
DA:138,360
DA:142,6
DA:143,6
DA:144,6
DA:165,15
DA:168,15
DA:169,210
DA:170,210
DA:171,210
DA:176,15
DA:177,156
DA:179,156
DA:181,53
DA:182,53
DA:183,53
DA:184,53
DA:188,103
DA:193,15
DA:213,12
DA:214,4
DA:218,8
DA:220,1
DA:223,7
DA:224,2
DA:228,5
DA:229,5
DA:232,5
DA:234,3
DA:238,2
DA:239,2
DA:240,2
DA:241,2
DA:242,2
LF:63
LH:61
BRDA:26,0,0,8
BRDA:26,0,1,373
BRDA:26,1,0,381
BRDA:26,1,1,374
BRDA:30,2,0,372
BRDA:30,2,1,1
BRDA:34,3,0,1
BRDA:34,3,1,0
BRDA:49,4,0,75
BRDA:49,4,1,66
BRDA:49,5,0,75
BRDA:49,5,1,13
BRDA:51,6,0,12
BRDA:51,6,1,63
BRDA:57,7,0,130
BRDA:57,7,1,4
BRDA:78,8,0,1
BRDA:78,8,1,65
BRDA:78,9,0,66
BRDA:78,9,1,2
BRDA:83,10,0,1
BRDA:83,10,1,64
BRDA:88,11,0,1
BRDA:88,11,1,63
BRDA:100,12,0,63
BRDA:100,12,1,0
BRDA:100,12,2,0
BRDA:103,13,0,63
BRDA:103,13,1,3
BRDA:106,14,0,63
BRDA:106,14,1,63
BRDA:109,15,0,63
BRDA:109,15,1,61
BRDA:115,16,0,63
BRDA:115,16,1,7
BRDA:119,17,0,63
BRDA:119,17,1,7
BRDA:132,18,0,0
BRDA:132,18,1,366
BRDA:137,19,0,360
BRDA:137,19,1,6
BRDA:142,20,0,6
BRDA:142,20,1,0
BRDA:143,21,0,6
BRDA:143,21,1,0
BRDA:170,22,0,210
BRDA:170,22,1,0
BRDA:179,23,0,53
BRDA:179,23,1,103
BRDA:182,24,0,53
BRDA:182,24,1,0
BRDA:213,25,0,4
BRDA:213,25,1,8
BRDA:213,26,0,12
BRDA:213,26,1,5
BRDA:218,27,0,1
BRDA:218,27,1,7
BRDA:223,28,0,2
BRDA:223,28,1,5
BRDA:232,29,0,3
BRDA:232,29,1,2
BRDA:232,30,0,5
BRDA:232,30,1,5
BRDA:232,30,2,5
BRDA:240,31,0,2
BRDA:240,31,1,0
BRDA:241,32,0,1
BRDA:241,32,1,1
BRF:68
BRH:59
end_of_record
TN:
SF:services\GoogleBooksService.ts
FN:47,(anonymous_0)
FN:90,(anonymous_1)
FN:93,(anonymous_2)
FN:131,(anonymous_3)
FN:185,tryISBNSearch
FN:218,searchWithPrefix
FN:253,filterByLanguage
FN:261,(anonymous_7)
FN:291,filterRelevantResults
FN:300,(anonymous_9)
FN:308,(anonymous_10)
FN:323,prioritizeCovers
FN:327,(anonymous_12)
FNF:13
FNH:11
FNDA:2,(anonymous_0)
FNDA:0,(anonymous_1)
FNDA:0,(anonymous_2)
FNDA:1,(anonymous_3)
FNDA:1,tryISBNSearch
FNDA:3,searchWithPrefix
FNDA:2,filterByLanguage
FNDA:2,(anonymous_7)
FNDA:2,filterRelevantResults
FNDA:2,(anonymous_9)
FNDA:2,(anonymous_10)
FNDA:2,prioritizeCovers
FNDA:2,(anonymous_12)
DA:30,1
DA:32,1
DA:54,2
DA:56,2
DA:57,2
DA:59,2
DA:61,1
DA:66,1
DA:67,1
DA:72,1
DA:73,1
DA:74,1
DA:75,1
DA:78,1
DA:79,1
DA:80,1
DA:86,1
DA:89,0
DA:90,0
DA:93,0
DA:94,0
DA:95,0
DA:96,0
DA:97,0
DA:98,0
DA:101,0
DA:108,0
DA:112,1
DA:114,0
DA:115,0
DA:136,1
DA:137,1
DA:140,1
DA:141,1
DA:144,0
DA:145,0
DA:149,0
DA:150,0
DA:151,0
DA:155,0
DA:159,0
DA:160,0
DA:164,0
DA:165,0
DA:169,0
DA:170,0
DA:174,0
DA:176,0
DA:177,0
DA:190,1
DA:191,1
DA:195,1
DA:197,1
DA:198,1
DA:200,0
DA:203,0
DA:204,0
DA:206,0
DA:224,3
DA:225,3
DA:226,3
DA:228,3
DA:230,3
DA:231,3
DA:233,3
DA:234,1
DA:236,2
DA:239,0
DA:240,0
DA:242,0
DA:258,2
DA:259,2
DA:261,2
DA:262,2
DA:265,2
DA:266,2
DA:267,2
DA:271,0
DA:272,0
DA:274,0
DA:279,2
DA:297,2
DA:298,2
DA:300,2
DA:301,2
DA:302,2
DA:304,2
DA:305,2
DA:308,2
DA:309,2
DA:312,2
DA:313,2
DA:324,2
DA:325,2
DA:327,2
DA:328,2
DA:329,0
DA:331,2
DA:335,2
LF:99
LH:61
BRDA:49,0,0,2
BRDA:50,1,0,2
BRDA:51,2,0,2
BRDA:56,3,0,0
BRDA:56,3,1,2
BRDA:59,4,0,1
BRDA:59,4,1,1
BRDA:78,5,0,1
BRDA:78,5,1,0
BRDA:78,6,0,1
BRDA:78,6,1,1
BRDA:86,7,0,0
BRDA:86,7,1,1
BRDA:94,8,0,0
BRDA:94,8,1,0
BRDA:96,9,0,0
BRDA:96,9,1,0
BRDA:133,10,0,1
BRDA:141,11,0,1
BRDA:141,11,1,0
BRDA:145,12,0,0
BRDA:145,12,1,0
BRDA:149,13,0,0
BRDA:149,13,1,0
BRDA:151,14,0,0
BRDA:151,14,1,0
BRDA:159,15,0,0
BRDA:159,15,1,0
BRDA:164,16,0,0
BRDA:164,16,1,0
BRDA:169,17,0,0
BRDA:169,17,1,0
BRDA:197,18,0,1
BRDA:197,18,1,0
BRDA:197,19,0,1
BRDA:197,19,1,1
BRDA:203,20,0,0
BRDA:203,20,1,0
BRDA:203,21,0,0
BRDA:203,21,1,0
BRDA:225,22,0,2
BRDA:225,22,1,1
BRDA:233,23,0,1
BRDA:233,23,1,2
BRDA:233,24,0,3
BRDA:233,24,1,3
BRDA:239,25,0,0
BRDA:239,25,1,0
BRDA:239,26,0,0
BRDA:239,26,1,0
BRDA:265,27,0,2
BRDA:265,27,1,0
BRDA:271,28,0,0
BRDA:271,28,1,0
BRDA:271,29,0,0
BRDA:271,29,1,0
BRDA:301,30,0,2
BRDA:301,30,1,0
BRDA:302,31,0,2
BRDA:302,31,1,0
BRDA:304,32,0,0
BRDA:304,32,1,2
BRDA:328,33,0,0
BRDA:328,33,1,2
BRF:64
BRH:26
end_of_record
TN:
SF:services\NotificationService.ts
FN:24,scheduleDailyNotification
FN:61,scheduleWeeklyNotification
FN:99,sendInstantNotification
FN:125,sendBookCompletionNotification
FN:138,sendReadingProgressNotification
FN:170,cancelNotification
FN:182,cancelAllNotifications
FN:195,scheduleInactiveUserNotification
FN:233,scheduleMagicRecommendationNotification
FN:273,scheduleYearEndNotification
FN:306,parseTimeString
FNF:11
FNH:11
FNDA:4,scheduleDailyNotification
FNDA:2,scheduleWeeklyNotification
FNDA:6,sendInstantNotification
FNDA:1,sendBookCompletionNotification
FNDA:4,sendReadingProgressNotification
FNDA:11,cancelNotification
FNDA:2,cancelAllNotifications
FNDA:2,scheduleInactiveUserNotification
FNDA:2,scheduleMagicRecommendationNotification
FNDA:1,scheduleYearEndNotification
FNDA:6,parseTimeString
DA:6,2
DA:30,4
DA:31,4
DA:34,3
DA:36,3
DA:51,2
DA:53,1
DA:54,1
DA:68,2
DA:69,2
DA:71,1
DA:73,1
DA:89,1
DA:91,0
DA:92,0
DA:102,6
DA:103,6
DA:105,6
DA:115,6
DA:117,0
DA:118,0
DA:128,1
DA:142,4
DA:157,4
DA:158,4
DA:160,3
DA:171,11
DA:172,11
DA:173,10
DA:175,1
DA:183,2
DA:184,2
DA:185,1
DA:187,0
DA:199,2
DA:200,2
DA:202,2
DA:204,2
DA:206,2
DA:221,2
DA:223,0
DA:224,0
DA:238,2
DA:239,2
DA:241,2
DA:243,2
DA:245,2
DA:260,2
DA:262,0
DA:266,0
DA:276,1
DA:277,1
DA:279,1
DA:296,1
DA:298,0
DA:299,0
DA:310,6
DA:311,6
LF:58
LH:47
BRDA:31,0,0,1
BRDA:31,0,1,3
BRDA:69,1,0,1
BRDA:69,1,1,1
BRDA:103,2,0,0
BRDA:103,2,1,6
BRDA:158,3,0,1
BRDA:158,3,1,3
BRDA:172,4,0,1
BRDA:172,4,1,10
BRDA:184,5,0,1
BRDA:184,5,1,1
BRDA:197,6,0,1
BRDA:200,7,0,0
BRDA:200,7,1,2
BRDA:235,8,0,1
BRDA:236,9,0,1
BRDA:239,10,0,0
BRDA:239,10,1,2
BRDA:277,11,0,0
BRDA:277,11,1,1
BRDA:312,12,0,6
BRDA:312,12,1,3
BRDA:313,13,0,6
BRDA:313,13,1,4
BRF:25
BRH:21
end_of_record
TN:
SF:services\OpenLibraryService.ts
FN:52,(anonymous_0)
FN:73,(anonymous_1)
FN:92,(anonymous_2)
FN:122,(anonymous_3)
FN:129,(anonymous_4)
FN:148,(anonymous_5)
FN:164,(anonymous_6)
FNF:7
FNH:1
FNDA:1,(anonymous_0)
FNDA:0,(anonymous_1)
FNDA:0,(anonymous_2)
FNDA:0,(anonymous_3)
FNDA:0,(anonymous_4)
FNDA:0,(anonymous_5)
FNDA:0,(anonymous_6)
DA:15,1
DA:44,1
DA:57,1
DA:58,1
DA:59,1
DA:61,1
DA:62,0
DA:65,1
DA:66,1
DA:68,0
DA:70,0
DA:72,0
DA:73,0
DA:76,0
DA:79,0
DA:80,0
DA:82,0
DA:96,0
DA:98,0
DA:104,0
DA:105,0
DA:108,0
DA:109,0
DA:111,0
DA:112,0
DA:123,0
DA:130,0
DA:160,0
DA:164,0
LF:29
LH:8
BRDA:54,0,0,0
BRDA:61,1,0,0
BRDA:61,1,1,1
BRDA:66,2,0,1
BRDA:66,2,1,0
BRDA:70,3,0,0
BRDA:70,3,1,0
BRDA:70,4,0,0
BRDA:70,4,1,0
BRDA:79,5,0,0
BRDA:79,5,1,0
BRDA:79,6,0,0
BRDA:79,6,1,0
BRDA:104,7,0,0
BRDA:104,7,1,0
BRDA:122,8,0,0
BRDA:133,9,0,0
BRDA:133,9,1,0
BRDA:135,10,0,0
BRDA:135,10,1,0
BRDA:163,11,0,0
BRDA:163,11,1,0
BRDA:165,12,0,0
BRDA:165,12,1,0
BRF:24
BRH:2
end_of_record
TN:
SF:services\SearchEngine.ts
FN:28,(anonymous_0)
FN:45,(anonymous_1)
FN:68,(anonymous_2)
FN:74,(anonymous_3)
FN:77,(anonymous_4)
FN:99,(anonymous_5)
FN:146,calculateRelevanceScore
FNF:7
FNH:7
FNDA:23,(anonymous_0)
FNDA:14,(anonymous_1)
FNDA:8,(anonymous_2)
FNDA:6,(anonymous_3)
FNDA:8,(anonymous_4)
FNDA:5,(anonymous_5)
FNDA:8,calculateRelevanceScore
DA:10,1
DA:23,1
DA:30,23
DA:33,23
DA:35,5
DA:52,14
DA:53,0
DA:57,14
DA:58,14
DA:65,9
DA:68,9
DA:74,9
DA:77,9
DA:80,5
DA:82,5
DA:83,5
DA:85,5
DA:104,5
DA:106,5
DA:113,5
DA:114,5
DA:117,5
DA:122,5
DA:125,0
DA:127,0
DA:128,0
DA:130,0
DA:151,8
DA:152,8
DA:153,8
DA:154,8
DA:155,8
DA:158,8
DA:159,4
DA:163,8
DA:164,6
DA:165,2
DA:166,1
DA:170,8
DA:171,1
DA:175,8
DA:176,6
DA:180,8
DA:181,0
DA:182,8
DA:183,4
DA:185,8
LF:47
LH:41
BRDA:33,0,0,18
BRDA:33,0,1,5
BRDA:35,1,0,5
BRDA:35,1,1,2
BRDA:47,2,0,1
BRDA:48,3,0,0
BRDA:52,4,0,0
BRDA:52,4,1,14
BRDA:80,5,0,5
BRDA:80,5,1,0
BRDA:80,6,0,5
BRDA:80,6,1,5
BRDA:82,7,0,5
BRDA:82,7,1,0
BRDA:101,8,0,0
BRDA:113,9,0,4
BRDA:113,9,1,1
BRDA:114,10,0,4
BRDA:114,10,1,1
BRDA:117,11,0,1
BRDA:117,11,1,4
BRDA:125,12,0,0
BRDA:125,12,1,0
BRDA:125,13,0,0
BRDA:125,13,1,0
BRDA:127,14,0,0
BRDA:127,14,1,0
BRDA:154,15,0,8
BRDA:154,15,1,0
BRDA:155,16,0,8
BRDA:155,16,1,4
BRDA:158,17,0,4
BRDA:158,17,1,4
BRDA:163,18,0,6
BRDA:163,18,1,2
BRDA:165,19,0,1
BRDA:165,19,1,1
BRDA:170,20,0,1
BRDA:170,20,1,7
BRDA:175,21,0,6
BRDA:175,21,1,2
BRDA:180,22,0,0
BRDA:180,22,1,8
BRDA:180,23,0,8
BRDA:180,23,1,0
BRDA:182,24,0,4
BRDA:182,24,1,4
BRDA:182,25,0,8
BRDA:182,25,1,4
BRF:49
BRH:35
end_of_record
TN:
SF:services\storage\AsyncStorageAdapter.ts
FN:15,(anonymous_0)
FN:31,(anonymous_1)
FN:44,(anonymous_2)
FNF:3
FNH:2
FNDA:5,(anonymous_0)
FNDA:5,(anonymous_1)
FNDA:0,(anonymous_2)
DA:16,5
DA:17,5
DA:18,5
DA:19,5
DA:21,0
DA:23,0
DA:24,0
DA:32,5
DA:33,5
DA:34,5
DA:36,0
DA:37,0
DA:45,0
DA:46,0
DA:48,0
DA:49,0
LF:16
LH:7
BRDA:18,0,0,5
BRDA:18,0,1,0
BRF:2
BRH:1
end_of_record
TN:
SF:services\storage\IStorageAdapter.ts
FNF:0
FNH:0
LF:0
LH:0
BRF:0
BRH:0
end_of_record
TN:
SF:services\storage\StorageService.ts
FN:25,(anonymous_0)
FN:34,(anonymous_1)
FN:41,(anonymous_2)
FN:46,(anonymous_3)
FN:50,(anonymous_4)
FN:54,(anonymous_5)
FNF:6
FNH:3
FNDA:1,(anonymous_0)
FNDA:0,(anonymous_1)
FNDA:0,(anonymous_2)
FNDA:5,(anonymous_3)
FNDA:5,(anonymous_4)
FNDA:0,(anonymous_5)
DA:28,1
DA:35,0
DA:42,0
DA:47,5
DA:51,5
DA:55,0
DA:60,1
LF:7
LH:4
BRF:0
BRH:0
end_of_record
TN:
SF:services\storage\index.ts
FNF:0
FNH:0
LF:0
LH:0
BRF:0
BRH:0
end_of_record
TN:
SF:utils\cn.ts
FN:4,cn
FNF:1
FNH:1
FNDA:64,cn
DA:5,64
LF:1
LH:1
BRF:0
BRH:0
end_of_record
TN:
SF:utils\email.ts
FN:1,(anonymous_0)
FNF:1
FNH:1
FNDA:4,(anonymous_0)
DA:1,1
DA:6,4
DA:7,4
DA:9,4
DA:10,3
DA:13,4
DA:14,2
DA:17,4
DA:18,3
DA:21,4
LF:10
LH:10
BRDA:9,0,0,3
BRDA:9,0,1,1
BRDA:13,1,0,2
BRDA:13,1,1,2
BRDA:17,2,0,3
BRDA:17,2,1,1
BRF:6
BRH:6
end_of_record
TN:
SF:utils\errorUtils.ts
FN:10,getErrorMessage
FN:23,getErrorCode
FN:34,logError
FNF:3
FNH:3
FNDA:11,getErrorMessage
FNDA:12,getErrorCode
FNDA:6,logError
DA:11,11
DA:12,3
DA:14,8
DA:15,1
DA:17,7
DA:24,12
DA:25,4
DA:27,8
DA:35,6
DA:37,2
DA:40,4
DA:41,4
DA:43,4
DA:44,4
LF:14
LH:14
BRDA:11,0,0,3
BRDA:11,0,1,8
BRDA:14,1,0,1
BRDA:14,1,1,7
BRDA:24,2,0,4
BRDA:24,2,1,8
BRDA:24,3,0,12
BRDA:24,3,1,9
BRDA:24,3,2,7
BRDA:35,4,0,2
BRDA:35,4,1,4
BRDA:43,5,0,1
BRDA:43,5,1,3
BRF:13
BRH:13
end_of_record
TN:
SF:utils\fetchWithTimeout.ts
FN:18,fetchWithTimeout
FN:27,(anonymous_1)
FN:30,onAbort
FN:62,isTimeoutError
FNF:4
FNH:2
FNDA:13,fetchWithTimeout
FNDA:0,(anonymous_1)
FNDA:0,onAbort
FNDA:6,isTimeoutError
DA:6,2
DA:24,13
DA:26,13
DA:27,13
DA:31,0
DA:32,0
DA:36,13
DA:37,4
DA:38,0
DA:40,4
DA:44,13
DA:45,13
DA:49,12
DA:51,13
DA:53,13
DA:54,4
DA:63,6
LF:17
LH:14
BRDA:20,0,0,5
BRDA:21,1,0,10
BRDA:36,2,0,4
BRDA:36,2,1,9
BRDA:37,3,0,0
BRDA:37,3,1,4
BRDA:53,4,0,4
BRDA:53,4,1,9
BRDA:53,5,0,13
BRDA:53,5,1,4
BRDA:63,6,0,6
BRDA:63,6,1,4
BRF:12
BRH:11
end_of_record
TN:
SF:utils\isbnConverter.ts
FN:11,normalizeISBN
FN:18,isValidISBN10
FN:26,isValidISBN13
FN:34,calculateISBN10CheckDigit
FN:51,convertISBN10ToISBN13
FN:86,convertISBN13ToISBN10
FNF:6
FNH:6
FNDA:34,normalizeISBN
FNDA:8,isValidISBN10
FNDA:6,isValidISBN13
FNDA:2,calculateISBN10CheckDigit
FNDA:8,convertISBN10ToISBN13
FNDA:6,convertISBN13ToISBN10
DA:12,34
DA:19,8
DA:20,8
DA:27,6
DA:28,6
DA:35,2
DA:36,2
DA:37,2
DA:52,8
DA:55,8
DA:56,4
DA:60,4
DA:63,4
DA:66,4
DA:67,4
DA:68,48
DA:69,48
DA:72,4
DA:74,4
DA:87,6
DA:90,6
DA:91,3
DA:95,3
DA:96,1
DA:100,2
DA:103,2
DA:104,2
DA:105,18
DA:108,2
DA:109,2
DA:111,2
LF:31
LH:31
BRDA:35,0,0,0
BRDA:35,0,1,2
BRDA:37,1,0,0
BRDA:37,1,1,2
BRDA:55,2,0,4
BRDA:55,2,1,4
BRDA:69,3,0,24
BRDA:69,3,1,24
BRDA:90,4,0,3
BRDA:90,4,1,3
BRDA:95,5,0,1
BRDA:95,5,1,2
BRF:12
BRH:10
end_of_record
TN:
SF:utils\stringUtils.ts
FN:6,normalizeForMatching
FNF:1
FNH:1
FNDA:46,normalizeForMatching
DA:7,46
DA:8,41
LF:2
LH:2
BRDA:7,0,0,5
BRDA:7,0,1,41
BRF:2
BRH:2
end_of_record
